  [1m[35m (270.7ms)[0m  [1m[35mCREATE DATABASE "MusicApp_development" ENCODING = 'unicode'[0m
  ↳ bin/rails:9
  [1m[35m (269.7ms)[0m  [1m[35mCREATE DATABASE "MusicApp_test" ENCODING = 'unicode'[0m
  ↳ bin/rails:9
  [1m[35m (10.5ms)[0m  [1m[35mCREATE TABLE "schema_migrations" ("version" character varying NOT NULL PRIMARY KEY)[0m
  ↳ bin/rails:9
  [1m[35m (14.5ms)[0m  [1m[35mCREATE TABLE "ar_internal_metadata" ("key" character varying NOT NULL PRIMARY KEY, "value" character varying, "created_at" timestamp NOT NULL, "updated_at" timestamp NOT NULL)[0m
  ↳ bin/rails:9
  [1m[35m (0.5ms)[0m  [1m[34mSELECT pg_try_advisory_lock(1555902080779534005)[0m
  ↳ bin/rails:9
  [1m[35m (1.1ms)[0m  [1m[34mSELECT "schema_migrations"."version" FROM "schema_migrations" ORDER BY "schema_migrations"."version" ASC[0m
  ↳ bin/rails:9
Migrating to CreateUsers (20200428144700)
  [1m[35m (0.4ms)[0m  [1m[35mBEGIN[0m
  ↳ bin/rails:9
  [1m[35m (12.4ms)[0m  [1m[35mCREATE TABLE "users" ("id" bigserial primary key, "email" character varying NOT NULL, "password_digest" character varying NOT NULL, "session_token" character varying NOT NULL)[0m
  ↳ db/migrate/20200428144700_create_users.rb:3
  [1m[35m (3.5ms)[0m  [1m[35mCREATE UNIQUE INDEX  "index_users_on_email" ON "users"  ("email")[0m
  ↳ db/migrate/20200428144700_create_users.rb:9
  [1m[35m (4.4ms)[0m  [1m[35mCREATE  INDEX  "index_users_on_session_token" ON "users"  ("session_token")[0m
  ↳ db/migrate/20200428144700_create_users.rb:10
  [1m[36mActiveRecord::SchemaMigration Create (0.7ms)[0m  [1m[32mINSERT INTO "schema_migrations" ("version") VALUES ($1) RETURNING "version"[0m  [["version", "20200428144700"]]
  ↳ bin/rails:9
  [1m[35m (1.6ms)[0m  [1m[35mCOMMIT[0m
  ↳ bin/rails:9
  [1m[36mActiveRecord::InternalMetadata Load (0.5ms)[0m  [1m[34mSELECT  "ar_internal_metadata".* FROM "ar_internal_metadata" WHERE "ar_internal_metadata"."key" = $1 LIMIT $2[0m  [["key", "environment"], ["LIMIT", 1]]
  ↳ bin/rails:9
  [1m[35m (0.2ms)[0m  [1m[35mBEGIN[0m
  ↳ bin/rails:9
  [1m[36mActiveRecord::InternalMetadata Create (0.5ms)[0m  [1m[32mINSERT INTO "ar_internal_metadata" ("key", "value", "created_at", "updated_at") VALUES ($1, $2, $3, $4) RETURNING "key"[0m  [["key", "environment"], ["value", "development"], ["created_at", "2020-04-28 14:50:43.703725"], ["updated_at", "2020-04-28 14:50:43.703725"]]
  ↳ bin/rails:9
  [1m[35m (1.2ms)[0m  [1m[35mCOMMIT[0m
  ↳ bin/rails:9
  [1m[35m (0.4ms)[0m  [1m[34mSELECT pg_advisory_unlock(1555902080779534005)[0m
  ↳ bin/rails:9
  [1m[35m (0.3ms)[0m  [1m[34mSELECT "schema_migrations"."version" FROM "schema_migrations" ORDER BY "schema_migrations"."version" ASC[0m
  ↳ bin/rails:9
Started GET "/users" for ::1 at 2020-04-28 12:04:42 -0400
  [1m[35m (0.7ms)[0m  [1m[34mSELECT "schema_migrations"."version" FROM "schema_migrations" ORDER BY "schema_migrations"."version" ASC[0m
  ↳ /home/jae-son/.rbenv/versions/2.5.1/lib/ruby/gems/2.5.0/gems/activerecord-5.2.4.2/lib/active_record/log_subscriber.rb:98
  
ActionController::RoutingError (No route matches [GET] "/users"):
  
actionpack (5.2.4.2) lib/action_dispatch/middleware/debug_exceptions.rb:65:in `call'
web-console (3.7.0) lib/web_console/middleware.rb:135:in `call_app'
web-console (3.7.0) lib/web_console/middleware.rb:30:in `block in call'
web-console (3.7.0) lib/web_console/middleware.rb:20:in `catch'
web-console (3.7.0) lib/web_console/middleware.rb:20:in `call'
actionpack (5.2.4.2) lib/action_dispatch/middleware/show_exceptions.rb:33:in `call'
railties (5.2.4.2) lib/rails/rack/logger.rb:38:in `call_app'
railties (5.2.4.2) lib/rails/rack/logger.rb:26:in `block in call'
activesupport (5.2.4.2) lib/active_support/tagged_logging.rb:71:in `block in tagged'
activesupport (5.2.4.2) lib/active_support/tagged_logging.rb:28:in `tagged'
activesupport (5.2.4.2) lib/active_support/tagged_logging.rb:71:in `tagged'
railties (5.2.4.2) lib/rails/rack/logger.rb:26:in `call'
sprockets-rails (3.2.1) lib/sprockets/rails/quiet_assets.rb:13:in `call'
actionpack (5.2.4.2) lib/action_dispatch/middleware/remote_ip.rb:81:in `call'
actionpack (5.2.4.2) lib/action_dispatch/middleware/request_id.rb:27:in `call'
rack (2.2.2) lib/rack/method_override.rb:24:in `call'
rack (2.2.2) lib/rack/runtime.rb:22:in `call'
activesupport (5.2.4.2) lib/active_support/cache/strategy/local_cache_middleware.rb:29:in `call'
actionpack (5.2.4.2) lib/action_dispatch/middleware/executor.rb:14:in `call'
actionpack (5.2.4.2) lib/action_dispatch/middleware/static.rb:127:in `call'
rack (2.2.2) lib/rack/sendfile.rb:110:in `call'
railties (5.2.4.2) lib/rails/engine.rb:524:in `call'
puma (3.12.4) lib/puma/configuration.rb:227:in `call'
puma (3.12.4) lib/puma/server.rb:675:in `handle_request'
puma (3.12.4) lib/puma/server.rb:476:in `process_client'
puma (3.12.4) lib/puma/server.rb:334:in `block in run'
puma (3.12.4) lib/puma/thread_pool.rb:135:in `block in spawn_thread'
Started GET "/users/new" for ::1 at 2020-04-28 12:05:11 -0400

ActionController::RoutingError - undefined method `before_action' for UsersController(Table doesn't exist):Class
Did you mean?  before_commit:

Started POST "/__better_errors/c0d837b3b1ef5621/variables" for ::1 at 2020-04-28 12:05:11 -0400
Started GET "/users/new" for ::1 at 2020-04-28 12:05:57 -0400

ActionController::RoutingError - undefined method `before_action' for UsersController(Table doesn't exist):Class
Did you mean?  before_commit:

Started POST "/__better_errors/46ed8240bfc2b24f/variables" for ::1 at 2020-04-28 12:05:57 -0400
Started GET "/users/new" for ::1 at 2020-04-28 12:05:58 -0400

ActionController::RoutingError - undefined method `before_action' for UsersController(Table doesn't exist):Class
Did you mean?  before_commit:

Started POST "/__better_errors/13769061c1da1c41/variables" for ::1 at 2020-04-28 12:05:58 -0400
Started GET "/users/new" for ::1 at 2020-04-28 12:06:00 -0400

ActionController::RoutingError - undefined method `before_action' for UsersController(Table doesn't exist):Class
Did you mean?  before_commit:

Started POST "/__better_errors/5441f09d84929447/variables" for ::1 at 2020-04-28 12:06:00 -0400
Started GET "/users/new" for ::1 at 2020-04-28 12:06:23 -0400
  [1m[35m (0.5ms)[0m  [1m[34mSELECT "schema_migrations"."version" FROM "schema_migrations" ORDER BY "schema_migrations"."version" ASC[0m
  ↳ /home/jae-son/.rbenv/versions/2.5.1/lib/ruby/gems/2.5.0/gems/activerecord-5.2.4.2/lib/active_record/log_subscriber.rb:98

ActionController::RoutingError - undefined method `before_action' for UsersController(Table doesn't exist):Class
Did you mean?  before_commit:

Started POST "/__better_errors/243033699e3992d8/variables" for ::1 at 2020-04-28 12:06:24 -0400
Started GET "/users/new" for ::1 at 2020-04-28 12:10:01 -0400

ActionController::RoutingError - undefined method `before_action' for UsersController(Table doesn't exist):Class
Did you mean?  before_commit:

Started POST "/__better_errors/3488160cd56a54d0/variables" for ::1 at 2020-04-28 12:10:02 -0400
Started GET "/users/new" for ::1 at 2020-04-28 12:10:28 -0400
Processing by UsersController#new as HTML
  [1m[36mUser Load (1.3ms)[0m  [1m[34mSELECT  "users".* FROM "users" WHERE "users"."session_token" IS NULL LIMIT $1[0m  [["LIMIT", 1]]
  ↳ app/controllers/application_controller.rb:5
  Rendering users/new.html.erb within layouts/application
  Rendered users/new.html.erb within layouts/application (2.4ms)
  [1m[36mCACHE User Load (0.0ms)[0m  [1m[34mSELECT  "users".* FROM "users" WHERE "users"."session_token" IS NULL LIMIT $1[0m  [["LIMIT", 1]]
  ↳ app/controllers/application_controller.rb:5
Completed 200 OK in 329ms (Views: 303.2ms | ActiveRecord: 5.6ms)


Started GET "/users/new" for ::1 at 2020-04-28 12:14:58 -0400
Processing by UsersController#new as HTML
  [1m[36mUser Load (2.8ms)[0m  [1m[34mSELECT  "users".* FROM "users" WHERE "users"."session_token" IS NULL LIMIT $1[0m  [["LIMIT", 1]]
  ↳ app/controllers/application_controller.rb:5
  Rendering users/new.html.erb within layouts/application
  Rendered users/new.html.erb within layouts/application (1.3ms)
  [1m[36mCACHE User Load (0.0ms)[0m  [1m[34mSELECT  "users".* FROM "users" WHERE "users"."session_token" IS NULL LIMIT $1[0m  [["LIMIT", 1]]
  ↳ app/controllers/application_controller.rb:5
Completed 200 OK in 148ms (Views: 93.0ms | ActiveRecord: 3.6ms)


Started GET "/users/new" for ::1 at 2020-04-28 12:16:15 -0400
Processing by UsersController#new as HTML
  [1m[36mUser Load (0.5ms)[0m  [1m[34mSELECT  "users".* FROM "users" WHERE "users"."session_token" IS NULL LIMIT $1[0m  [["LIMIT", 1]]
  ↳ app/controllers/application_controller.rb:5
  Rendering users/new.html.erb within layouts/application
  Rendered users/new.html.erb within layouts/application (0.9ms)
  [1m[36mCACHE User Load (0.0ms)[0m  [1m[34mSELECT  "users".* FROM "users" WHERE "users"."session_token" IS NULL LIMIT $1[0m  [["LIMIT", 1]]
  ↳ app/controllers/application_controller.rb:5
Completed 200 OK in 34ms (Views: 31.8ms | ActiveRecord: 0.5ms)


Started GET "/users/new" for ::1 at 2020-04-28 12:16:17 -0400
Processing by UsersController#new as HTML
  [1m[36mUser Load (0.8ms)[0m  [1m[34mSELECT  "users".* FROM "users" WHERE "users"."session_token" IS NULL LIMIT $1[0m  [["LIMIT", 1]]
  ↳ app/controllers/application_controller.rb:5
  Rendering users/new.html.erb within layouts/application
  Rendered users/new.html.erb within layouts/application (0.7ms)
  [1m[36mCACHE User Load (0.0ms)[0m  [1m[34mSELECT  "users".* FROM "users" WHERE "users"."session_token" IS NULL LIMIT $1[0m  [["LIMIT", 1]]
  ↳ app/controllers/application_controller.rb:5
Completed 200 OK in 38ms (Views: 34.7ms | ActiveRecord: 0.8ms)


Started GET "/users/new" for ::1 at 2020-04-28 12:16:18 -0400
Processing by UsersController#new as HTML
  [1m[36mUser Load (0.8ms)[0m  [1m[34mSELECT  "users".* FROM "users" WHERE "users"."session_token" IS NULL LIMIT $1[0m  [["LIMIT", 1]]
  ↳ app/controllers/application_controller.rb:5
  Rendering users/new.html.erb within layouts/application
  Rendered users/new.html.erb within layouts/application (3.0ms)
  [1m[36mCACHE User Load (0.0ms)[0m  [1m[34mSELECT  "users".* FROM "users" WHERE "users"."session_token" IS NULL LIMIT $1[0m  [["LIMIT", 1]]
  ↳ app/controllers/application_controller.rb:5
Completed 200 OK in 71ms (Views: 66.1ms | ActiveRecord: 0.8ms)


Started GET "/users/new" for ::1 at 2020-04-28 12:16:50 -0400
Processing by UsersController#new as HTML
  [1m[36mUser Load (0.6ms)[0m  [1m[34mSELECT  "users".* FROM "users" WHERE "users"."session_token" IS NULL LIMIT $1[0m  [["LIMIT", 1]]
  ↳ app/controllers/application_controller.rb:5
  Rendering users/new.html.erb within layouts/application
  Rendered users/new.html.erb within layouts/application (1.0ms)
  [1m[36mCACHE User Load (0.0ms)[0m  [1m[34mSELECT  "users".* FROM "users" WHERE "users"."session_token" IS NULL LIMIT $1[0m  [["LIMIT", 1]]
  ↳ app/controllers/application_controller.rb:5
Completed 200 OK in 55ms (Views: 48.0ms | ActiveRecord: 0.6ms)


Started GET "/users/new" for ::1 at 2020-04-28 12:16:53 -0400
Processing by UsersController#new as HTML
  [1m[36mUser Load (0.5ms)[0m  [1m[34mSELECT  "users".* FROM "users" WHERE "users"."session_token" IS NULL LIMIT $1[0m  [["LIMIT", 1]]
  ↳ app/controllers/application_controller.rb:5
  Rendering users/new.html.erb within layouts/application
  Rendered users/new.html.erb within layouts/application (0.6ms)
  [1m[36mCACHE User Load (0.0ms)[0m  [1m[34mSELECT  "users".* FROM "users" WHERE "users"."session_token" IS NULL LIMIT $1[0m  [["LIMIT", 1]]
  ↳ app/controllers/application_controller.rb:5
Completed 200 OK in 40ms (Views: 37.0ms | ActiveRecord: 0.5ms)


Started POST "/users" for ::1 at 2020-04-28 12:23:17 -0400
Processing by UsersController#create as HTML
  Parameters: {"user"=>{"email"=>"dannydevito@gmail.com", "password"=>"[FILTERED]"}}
Can't verify CSRF token authenticity.
Completed 422 Unprocessable Entity in 1ms (ActiveRecord: 0.0ms)



ActionController::InvalidAuthenticityToken - ActionController::InvalidAuthenticityToken:

Started POST "/__better_errors/d7ab026368d3750c/variables" for ::1 at 2020-04-28 12:23:17 -0400
Started GET "/users/new" for ::1 at 2020-04-28 12:25:46 -0400
Processing by UsersController#new as HTML
  [1m[36mUser Load (0.4ms)[0m  [1m[34mSELECT  "users".* FROM "users" WHERE "users"."session_token" IS NULL LIMIT $1[0m  [["LIMIT", 1]]
  ↳ app/controllers/application_controller.rb:5
  Rendering users/new.html.erb within layouts/application
  Rendered users/new.html.erb within layouts/application (1.2ms)
  [1m[36mCACHE User Load (0.0ms)[0m  [1m[34mSELECT  "users".* FROM "users" WHERE "users"."session_token" IS NULL LIMIT $1[0m  [["LIMIT", 1]]
  ↳ app/controllers/application_controller.rb:5
Completed 200 OK in 40ms (Views: 29.6ms | ActiveRecord: 4.6ms)


Started POST "/users" for ::1 at 2020-04-28 12:25:56 -0400
Processing by UsersController#create as HTML
  Parameters: {"authenticity_token"=>"JfxsVhZKzn9Yohzs3th8RmeDDBnjFWBVTA7a2TO8uxlWD/i1o+2B92GdwHM7HThDCBYrQLO94edDCaAD/jbwnw==", "user"=>{"email"=>"dannydevito@gmail.com", "password"=>"[FILTERED]"}}
  [1m[36mUser Load (0.4ms)[0m  [1m[34mSELECT  "users".* FROM "users" WHERE "users"."session_token" IS NULL LIMIT $1[0m  [["LIMIT", 1]]
  ↳ app/controllers/application_controller.rb:5
  [1m[35m (0.1ms)[0m  [1m[35mBEGIN[0m
  ↳ app/controllers/users_controller.rb:12
  [1m[36mUser Exists (0.4ms)[0m  [1m[34mSELECT  1 AS one FROM "users" WHERE "users"."email" = $1 LIMIT $2[0m  [["email", "dannydevito@gmail.com"], ["LIMIT", 1]]
  ↳ app/controllers/users_controller.rb:12
  [1m[36mUser Create (3.8ms)[0m  [1m[32mINSERT INTO "users" ("email", "password_digest", "session_token") VALUES ($1, $2, $3) RETURNING "id"[0m  [["email", "dannydevito@gmail.com"], ["password_digest", "$2a$12$ROLJGjciWnP76vmjmHA5aeiBTJb9KfkMYHDRrWgE2BH57CQONgF/u"], ["session_token", "K7Pemo01YjhnnKwO-Oa3eQ"]]
  ↳ app/controllers/users_controller.rb:12
  [1m[35m (2.3ms)[0m  [1m[35mCOMMIT[0m
  ↳ app/controllers/users_controller.rb:12
  [1m[35m (0.1ms)[0m  [1m[35mBEGIN[0m
  ↳ app/models/user.rb:38
  [1m[36mUser Exists (0.5ms)[0m  [1m[34mSELECT  1 AS one FROM "users" WHERE "users"."email" = $1 AND "users"."id" != $2 LIMIT $3[0m  [["email", "dannydevito@gmail.com"], ["id", 1], ["LIMIT", 1]]
  ↳ app/models/user.rb:38
  [1m[36mUser Update (0.9ms)[0m  [1m[33mUPDATE "users" SET "session_token" = $1 WHERE "users"."id" = $2[0m  [["session_token", "EO0QSlCgPNMiSLCcp9KO9Q"], ["id", 1]]
  ↳ app/models/user.rb:38
  [1m[35m (1.3ms)[0m  [1m[35mCOMMIT[0m
  ↳ app/models/user.rb:38
  [1m[36mUser Load (0.4ms)[0m  [1m[34mSELECT  "users".* FROM "users" WHERE "users"."session_token" = $1 LIMIT $2[0m  [["session_token", "EO0QSlCgPNMiSLCcp9KO9Q"], ["LIMIT", 1]]
  ↳ app/controllers/application_controller.rb:5
Redirected to http://localhost:3000/users/1
Completed 302 Found in 308ms (ActiveRecord: 14.1ms)


Started GET "/users/1" for ::1 at 2020-04-28 12:25:56 -0400
Processing by UsersController#show as HTML
  Parameters: {"id"=>"1"}
  [1m[36mUser Load (0.6ms)[0m  [1m[34mSELECT  "users".* FROM "users" WHERE "users"."session_token" = $1 LIMIT $2[0m  [["session_token", "EO0QSlCgPNMiSLCcp9KO9Q"], ["LIMIT", 1]]
  ↳ app/controllers/application_controller.rb:5
Redirected to http://localhost:3000/users/1
Completed 302 Found in 3ms (ActiveRecord: 0.6ms)


Started GET "/users/1" for ::1 at 2020-04-28 12:25:56 -0400
Processing by UsersController#show as HTML
  Parameters: {"id"=>"1"}
  [1m[36mUser Load (0.3ms)[0m  [1m[34mSELECT  "users".* FROM "users" WHERE "users"."session_token" = $1 LIMIT $2[0m  [["session_token", "EO0QSlCgPNMiSLCcp9KO9Q"], ["LIMIT", 1]]
  ↳ app/controllers/application_controller.rb:5
Redirected to http://localhost:3000/users/1
Completed 302 Found in 2ms (ActiveRecord: 0.3ms)


Started GET "/users/1" for ::1 at 2020-04-28 12:25:56 -0400
Processing by UsersController#show as HTML
  Parameters: {"id"=>"1"}
  [1m[36mUser Load (0.4ms)[0m  [1m[34mSELECT  "users".* FROM "users" WHERE "users"."session_token" = $1 LIMIT $2[0m  [["session_token", "EO0QSlCgPNMiSLCcp9KO9Q"], ["LIMIT", 1]]
  ↳ app/controllers/application_controller.rb:5
Redirected to http://localhost:3000/users/1
Completed 302 Found in 3ms (ActiveRecord: 0.4ms)


Started GET "/users/1" for ::1 at 2020-04-28 12:25:56 -0400
Processing by UsersController#show as HTML
  Parameters: {"id"=>"1"}
  [1m[36mUser Load (0.3ms)[0m  [1m[34mSELECT  "users".* FROM "users" WHERE "users"."session_token" = $1 LIMIT $2[0m  [["session_token", "EO0QSlCgPNMiSLCcp9KO9Q"], ["LIMIT", 1]]
  ↳ app/controllers/application_controller.rb:5
Redirected to http://localhost:3000/users/1
Completed 302 Found in 2ms (ActiveRecord: 0.3ms)


Started GET "/users/1" for ::1 at 2020-04-28 12:25:56 -0400
Processing by UsersController#show as HTML
  Parameters: {"id"=>"1"}
  [1m[36mUser Load (0.4ms)[0m  [1m[34mSELECT  "users".* FROM "users" WHERE "users"."session_token" = $1 LIMIT $2[0m  [["session_token", "EO0QSlCgPNMiSLCcp9KO9Q"], ["LIMIT", 1]]
  ↳ app/controllers/application_controller.rb:5
Redirected to http://localhost:3000/users/1
Completed 302 Found in 2ms (ActiveRecord: 0.4ms)


Started GET "/users/1" for ::1 at 2020-04-28 12:25:56 -0400
Processing by UsersController#show as HTML
  Parameters: {"id"=>"1"}
  [1m[36mUser Load (0.2ms)[0m  [1m[34mSELECT  "users".* FROM "users" WHERE "users"."session_token" = $1 LIMIT $2[0m  [["session_token", "EO0QSlCgPNMiSLCcp9KO9Q"], ["LIMIT", 1]]
  ↳ app/controllers/application_controller.rb:5
Redirected to http://localhost:3000/users/1
Completed 302 Found in 2ms (ActiveRecord: 0.2ms)


Started GET "/users/1" for ::1 at 2020-04-28 12:25:56 -0400
Processing by UsersController#show as HTML
  Parameters: {"id"=>"1"}
  [1m[36mUser Load (0.2ms)[0m  [1m[34mSELECT  "users".* FROM "users" WHERE "users"."session_token" = $1 LIMIT $2[0m  [["session_token", "EO0QSlCgPNMiSLCcp9KO9Q"], ["LIMIT", 1]]
  ↳ app/controllers/application_controller.rb:5
Redirected to http://localhost:3000/users/1
Completed 302 Found in 2ms (ActiveRecord: 0.2ms)


Started GET "/users/1" for ::1 at 2020-04-28 12:25:56 -0400
Processing by UsersController#show as HTML
  Parameters: {"id"=>"1"}
  [1m[36mUser Load (0.4ms)[0m  [1m[34mSELECT  "users".* FROM "users" WHERE "users"."session_token" = $1 LIMIT $2[0m  [["session_token", "EO0QSlCgPNMiSLCcp9KO9Q"], ["LIMIT", 1]]
  ↳ app/controllers/application_controller.rb:5
Redirected to http://localhost:3000/users/1
Completed 302 Found in 3ms (ActiveRecord: 0.4ms)


Started GET "/users/1" for ::1 at 2020-04-28 12:25:56 -0400
Processing by UsersController#show as HTML
  Parameters: {"id"=>"1"}
  [1m[36mUser Load (0.2ms)[0m  [1m[34mSELECT  "users".* FROM "users" WHERE "users"."session_token" = $1 LIMIT $2[0m  [["session_token", "EO0QSlCgPNMiSLCcp9KO9Q"], ["LIMIT", 1]]
  ↳ app/controllers/application_controller.rb:5
Redirected to http://localhost:3000/users/1
Completed 302 Found in 2ms (ActiveRecord: 0.2ms)


Started GET "/users/1" for ::1 at 2020-04-28 12:25:56 -0400
Processing by UsersController#show as HTML
  Parameters: {"id"=>"1"}
  [1m[36mUser Load (0.2ms)[0m  [1m[34mSELECT  "users".* FROM "users" WHERE "users"."session_token" = $1 LIMIT $2[0m  [["session_token", "EO0QSlCgPNMiSLCcp9KO9Q"], ["LIMIT", 1]]
  ↳ app/controllers/application_controller.rb:5
Redirected to http://localhost:3000/users/1
Completed 302 Found in 2ms (ActiveRecord: 0.2ms)


Started GET "/users/1" for ::1 at 2020-04-28 12:25:56 -0400
Processing by UsersController#show as HTML
  Parameters: {"id"=>"1"}
  [1m[36mUser Load (0.2ms)[0m  [1m[34mSELECT  "users".* FROM "users" WHERE "users"."session_token" = $1 LIMIT $2[0m  [["session_token", "EO0QSlCgPNMiSLCcp9KO9Q"], ["LIMIT", 1]]
  ↳ app/controllers/application_controller.rb:5
Redirected to http://localhost:3000/users/1
Completed 302 Found in 2ms (ActiveRecord: 0.2ms)


Started GET "/users/1" for ::1 at 2020-04-28 12:25:56 -0400
Processing by UsersController#show as HTML
  Parameters: {"id"=>"1"}
  [1m[36mUser Load (0.2ms)[0m  [1m[34mSELECT  "users".* FROM "users" WHERE "users"."session_token" = $1 LIMIT $2[0m  [["session_token", "EO0QSlCgPNMiSLCcp9KO9Q"], ["LIMIT", 1]]
  ↳ app/controllers/application_controller.rb:5
Redirected to http://localhost:3000/users/1
Completed 302 Found in 2ms (ActiveRecord: 0.2ms)


Started GET "/users/1" for ::1 at 2020-04-28 12:25:56 -0400
Processing by UsersController#show as HTML
  Parameters: {"id"=>"1"}
  [1m[36mUser Load (0.2ms)[0m  [1m[34mSELECT  "users".* FROM "users" WHERE "users"."session_token" = $1 LIMIT $2[0m  [["session_token", "EO0QSlCgPNMiSLCcp9KO9Q"], ["LIMIT", 1]]
  ↳ app/controllers/application_controller.rb:5
Redirected to http://localhost:3000/users/1
Completed 302 Found in 1ms (ActiveRecord: 0.2ms)


Started GET "/users/1" for ::1 at 2020-04-28 12:25:56 -0400
Processing by UsersController#show as HTML
  Parameters: {"id"=>"1"}
  [1m[36mUser Load (0.2ms)[0m  [1m[34mSELECT  "users".* FROM "users" WHERE "users"."session_token" = $1 LIMIT $2[0m  [["session_token", "EO0QSlCgPNMiSLCcp9KO9Q"], ["LIMIT", 1]]
  ↳ app/controllers/application_controller.rb:5
Redirected to http://localhost:3000/users/1
Completed 302 Found in 2ms (ActiveRecord: 0.2ms)


Started GET "/users/1" for ::1 at 2020-04-28 12:25:56 -0400
Processing by UsersController#show as HTML
  Parameters: {"id"=>"1"}
  [1m[36mUser Load (0.2ms)[0m  [1m[34mSELECT  "users".* FROM "users" WHERE "users"."session_token" = $1 LIMIT $2[0m  [["session_token", "EO0QSlCgPNMiSLCcp9KO9Q"], ["LIMIT", 1]]
  ↳ app/controllers/application_controller.rb:5
Redirected to http://localhost:3000/users/1
Completed 302 Found in 2ms (ActiveRecord: 0.2ms)


Started GET "/users/1" for ::1 at 2020-04-28 12:25:56 -0400
Processing by UsersController#show as HTML
  Parameters: {"id"=>"1"}
  [1m[36mUser Load (0.3ms)[0m  [1m[34mSELECT  "users".* FROM "users" WHERE "users"."session_token" = $1 LIMIT $2[0m  [["session_token", "EO0QSlCgPNMiSLCcp9KO9Q"], ["LIMIT", 1]]
  ↳ app/controllers/application_controller.rb:5
Redirected to http://localhost:3000/users/1
Completed 302 Found in 3ms (ActiveRecord: 0.3ms)


Started GET "/users/1" for ::1 at 2020-04-28 12:25:56 -0400
Processing by UsersController#show as HTML
  Parameters: {"id"=>"1"}
  [1m[36mUser Load (0.2ms)[0m  [1m[34mSELECT  "users".* FROM "users" WHERE "users"."session_token" = $1 LIMIT $2[0m  [["session_token", "EO0QSlCgPNMiSLCcp9KO9Q"], ["LIMIT", 1]]
  ↳ app/controllers/application_controller.rb:5
Redirected to http://localhost:3000/users/1
Completed 302 Found in 2ms (ActiveRecord: 0.2ms)


Started GET "/users/1" for ::1 at 2020-04-28 12:25:56 -0400
Processing by UsersController#show as HTML
  Parameters: {"id"=>"1"}
  [1m[36mUser Load (0.2ms)[0m  [1m[34mSELECT  "users".* FROM "users" WHERE "users"."session_token" = $1 LIMIT $2[0m  [["session_token", "EO0QSlCgPNMiSLCcp9KO9Q"], ["LIMIT", 1]]
  ↳ app/controllers/application_controller.rb:5
Redirected to http://localhost:3000/users/1
Completed 302 Found in 2ms (ActiveRecord: 0.2ms)


Started GET "/users/1" for ::1 at 2020-04-28 12:25:56 -0400
Processing by UsersController#show as HTML
  Parameters: {"id"=>"1"}
  [1m[36mUser Load (0.2ms)[0m  [1m[34mSELECT  "users".* FROM "users" WHERE "users"."session_token" = $1 LIMIT $2[0m  [["session_token", "EO0QSlCgPNMiSLCcp9KO9Q"], ["LIMIT", 1]]
  ↳ app/controllers/application_controller.rb:5
Redirected to http://localhost:3000/users/1
Completed 302 Found in 2ms (ActiveRecord: 0.2ms)


Started GET "/users/new" for ::1 at 2020-04-28 13:32:55 -0400
  [1m[35m (1.1ms)[0m  [1m[34mSELECT "schema_migrations"."version" FROM "schema_migrations" ORDER BY "schema_migrations"."version" ASC[0m
  ↳ /home/jae-son/.rbenv/versions/2.5.1/lib/ruby/gems/2.5.0/gems/activerecord-5.2.4.2/lib/active_record/log_subscriber.rb:98
Processing by UsersController#new as HTML
  [1m[36mUser Load (1.4ms)[0m  [1m[34mSELECT  "users".* FROM "users" WHERE "users"."session_token" = $1 LIMIT $2[0m  [["session_token", "EO0QSlCgPNMiSLCcp9KO9Q"], ["LIMIT", 1]]
  ↳ app/controllers/application_controller.rb:5
Redirected to http://localhost:3000/users/1
Filter chain halted as :ensure_logged_out rendered or redirected
Completed 302 Found in 33ms (ActiveRecord: 8.8ms)


Started GET "/users/1" for ::1 at 2020-04-28 13:32:55 -0400
Processing by UsersController#show as HTML
  Parameters: {"id"=>"1"}
  [1m[36mUser Load (0.5ms)[0m  [1m[34mSELECT  "users".* FROM "users" WHERE "users"."session_token" = $1 LIMIT $2[0m  [["session_token", "EO0QSlCgPNMiSLCcp9KO9Q"], ["LIMIT", 1]]
  ↳ app/controllers/application_controller.rb:5
Redirected to http://localhost:3000/users/1
Completed 302 Found in 3ms (ActiveRecord: 0.5ms)


Started GET "/users/1" for ::1 at 2020-04-28 13:32:55 -0400
Processing by UsersController#show as HTML
  Parameters: {"id"=>"1"}
  [1m[36mUser Load (0.5ms)[0m  [1m[34mSELECT  "users".* FROM "users" WHERE "users"."session_token" = $1 LIMIT $2[0m  [["session_token", "EO0QSlCgPNMiSLCcp9KO9Q"], ["LIMIT", 1]]
  ↳ app/controllers/application_controller.rb:5
Redirected to http://localhost:3000/users/1
Completed 302 Found in 2ms (ActiveRecord: 0.5ms)


Started GET "/users/1" for ::1 at 2020-04-28 13:32:55 -0400
Processing by UsersController#show as HTML
  Parameters: {"id"=>"1"}
  [1m[36mUser Load (0.6ms)[0m  [1m[34mSELECT  "users".* FROM "users" WHERE "users"."session_token" = $1 LIMIT $2[0m  [["session_token", "EO0QSlCgPNMiSLCcp9KO9Q"], ["LIMIT", 1]]
  ↳ app/controllers/application_controller.rb:5
Redirected to http://localhost:3000/users/1
Completed 302 Found in 3ms (ActiveRecord: 0.6ms)


Started GET "/users/1" for ::1 at 2020-04-28 13:32:55 -0400
Processing by UsersController#show as HTML
  Parameters: {"id"=>"1"}
  [1m[36mUser Load (0.4ms)[0m  [1m[34mSELECT  "users".* FROM "users" WHERE "users"."session_token" = $1 LIMIT $2[0m  [["session_token", "EO0QSlCgPNMiSLCcp9KO9Q"], ["LIMIT", 1]]
  ↳ app/controllers/application_controller.rb:5
Redirected to http://localhost:3000/users/1
Completed 302 Found in 2ms (ActiveRecord: 0.4ms)


Started GET "/users/1" for ::1 at 2020-04-28 13:32:55 -0400
Processing by UsersController#show as HTML
  Parameters: {"id"=>"1"}
  [1m[36mUser Load (0.3ms)[0m  [1m[34mSELECT  "users".* FROM "users" WHERE "users"."session_token" = $1 LIMIT $2[0m  [["session_token", "EO0QSlCgPNMiSLCcp9KO9Q"], ["LIMIT", 1]]
  ↳ app/controllers/application_controller.rb:5
Redirected to http://localhost:3000/users/1
Completed 302 Found in 2ms (ActiveRecord: 0.3ms)


Started GET "/users/1" for ::1 at 2020-04-28 13:32:55 -0400
Processing by UsersController#show as HTML
  Parameters: {"id"=>"1"}
  [1m[36mUser Load (0.4ms)[0m  [1m[34mSELECT  "users".* FROM "users" WHERE "users"."session_token" = $1 LIMIT $2[0m  [["session_token", "EO0QSlCgPNMiSLCcp9KO9Q"], ["LIMIT", 1]]
  ↳ app/controllers/application_controller.rb:5
Redirected to http://localhost:3000/users/1
Completed 302 Found in 3ms (ActiveRecord: 0.4ms)


Started GET "/users/1" for ::1 at 2020-04-28 13:32:55 -0400
Processing by UsersController#show as HTML
  Parameters: {"id"=>"1"}
  [1m[36mUser Load (0.3ms)[0m  [1m[34mSELECT  "users".* FROM "users" WHERE "users"."session_token" = $1 LIMIT $2[0m  [["session_token", "EO0QSlCgPNMiSLCcp9KO9Q"], ["LIMIT", 1]]
  ↳ app/controllers/application_controller.rb:5
Redirected to http://localhost:3000/users/1
Completed 302 Found in 2ms (ActiveRecord: 0.3ms)


Started GET "/users/1" for ::1 at 2020-04-28 13:32:55 -0400
Processing by UsersController#show as HTML
  Parameters: {"id"=>"1"}
  [1m[36mUser Load (0.3ms)[0m  [1m[34mSELECT  "users".* FROM "users" WHERE "users"."session_token" = $1 LIMIT $2[0m  [["session_token", "EO0QSlCgPNMiSLCcp9KO9Q"], ["LIMIT", 1]]
  ↳ app/controllers/application_controller.rb:5
Redirected to http://localhost:3000/users/1
Completed 302 Found in 3ms (ActiveRecord: 0.3ms)


Started GET "/users/1" for ::1 at 2020-04-28 13:32:55 -0400
Processing by UsersController#show as HTML
  Parameters: {"id"=>"1"}
  [1m[36mUser Load (0.3ms)[0m  [1m[34mSELECT  "users".* FROM "users" WHERE "users"."session_token" = $1 LIMIT $2[0m  [["session_token", "EO0QSlCgPNMiSLCcp9KO9Q"], ["LIMIT", 1]]
  ↳ app/controllers/application_controller.rb:5
Redirected to http://localhost:3000/users/1
Completed 302 Found in 2ms (ActiveRecord: 0.3ms)


Started GET "/users/1" for ::1 at 2020-04-28 13:32:55 -0400
Processing by UsersController#show as HTML
  Parameters: {"id"=>"1"}
  [1m[36mUser Load (0.3ms)[0m  [1m[34mSELECT  "users".* FROM "users" WHERE "users"."session_token" = $1 LIMIT $2[0m  [["session_token", "EO0QSlCgPNMiSLCcp9KO9Q"], ["LIMIT", 1]]
  ↳ app/controllers/application_controller.rb:5
Redirected to http://localhost:3000/users/1
Completed 302 Found in 2ms (ActiveRecord: 0.3ms)


Started GET "/users/1" for ::1 at 2020-04-28 13:32:55 -0400
Processing by UsersController#show as HTML
  Parameters: {"id"=>"1"}
  [1m[36mUser Load (0.3ms)[0m  [1m[34mSELECT  "users".* FROM "users" WHERE "users"."session_token" = $1 LIMIT $2[0m  [["session_token", "EO0QSlCgPNMiSLCcp9KO9Q"], ["LIMIT", 1]]
  ↳ app/controllers/application_controller.rb:5
Redirected to http://localhost:3000/users/1
Completed 302 Found in 3ms (ActiveRecord: 0.3ms)


Started GET "/users/1" for ::1 at 2020-04-28 13:32:55 -0400
Processing by UsersController#show as HTML
  Parameters: {"id"=>"1"}
  [1m[36mUser Load (0.3ms)[0m  [1m[34mSELECT  "users".* FROM "users" WHERE "users"."session_token" = $1 LIMIT $2[0m  [["session_token", "EO0QSlCgPNMiSLCcp9KO9Q"], ["LIMIT", 1]]
  ↳ app/controllers/application_controller.rb:5
Redirected to http://localhost:3000/users/1
Completed 302 Found in 2ms (ActiveRecord: 0.3ms)


Started GET "/users/1" for ::1 at 2020-04-28 13:32:55 -0400
Processing by UsersController#show as HTML
  Parameters: {"id"=>"1"}
  [1m[36mUser Load (0.4ms)[0m  [1m[34mSELECT  "users".* FROM "users" WHERE "users"."session_token" = $1 LIMIT $2[0m  [["session_token", "EO0QSlCgPNMiSLCcp9KO9Q"], ["LIMIT", 1]]
  ↳ app/controllers/application_controller.rb:5
Redirected to http://localhost:3000/users/1
Completed 302 Found in 3ms (ActiveRecord: 0.4ms)


Started GET "/users/1" for ::1 at 2020-04-28 13:32:55 -0400
Processing by UsersController#show as HTML
  Parameters: {"id"=>"1"}
  [1m[36mUser Load (0.3ms)[0m  [1m[34mSELECT  "users".* FROM "users" WHERE "users"."session_token" = $1 LIMIT $2[0m  [["session_token", "EO0QSlCgPNMiSLCcp9KO9Q"], ["LIMIT", 1]]
  ↳ app/controllers/application_controller.rb:5
Redirected to http://localhost:3000/users/1
Completed 302 Found in 2ms (ActiveRecord: 0.3ms)


Started GET "/users/1" for ::1 at 2020-04-28 13:32:55 -0400
Processing by UsersController#show as HTML
  Parameters: {"id"=>"1"}
  [1m[36mUser Load (0.3ms)[0m  [1m[34mSELECT  "users".* FROM "users" WHERE "users"."session_token" = $1 LIMIT $2[0m  [["session_token", "EO0QSlCgPNMiSLCcp9KO9Q"], ["LIMIT", 1]]
  ↳ app/controllers/application_controller.rb:5
Redirected to http://localhost:3000/users/1
Completed 302 Found in 2ms (ActiveRecord: 0.3ms)


Started GET "/users/1" for ::1 at 2020-04-28 13:32:55 -0400
Processing by UsersController#show as HTML
  Parameters: {"id"=>"1"}
  [1m[36mUser Load (0.4ms)[0m  [1m[34mSELECT  "users".* FROM "users" WHERE "users"."session_token" = $1 LIMIT $2[0m  [["session_token", "EO0QSlCgPNMiSLCcp9KO9Q"], ["LIMIT", 1]]
  ↳ app/controllers/application_controller.rb:5
Redirected to http://localhost:3000/users/1
Completed 302 Found in 3ms (ActiveRecord: 0.4ms)


Started GET "/users/1" for ::1 at 2020-04-28 13:32:55 -0400
Processing by UsersController#show as HTML
  Parameters: {"id"=>"1"}
  [1m[36mUser Load (0.3ms)[0m  [1m[34mSELECT  "users".* FROM "users" WHERE "users"."session_token" = $1 LIMIT $2[0m  [["session_token", "EO0QSlCgPNMiSLCcp9KO9Q"], ["LIMIT", 1]]
  ↳ app/controllers/application_controller.rb:5
Redirected to http://localhost:3000/users/1
Completed 302 Found in 3ms (ActiveRecord: 0.3ms)


Started GET "/users/1" for ::1 at 2020-04-28 13:32:55 -0400
Processing by UsersController#show as HTML
  Parameters: {"id"=>"1"}
  [1m[36mUser Load (0.3ms)[0m  [1m[34mSELECT  "users".* FROM "users" WHERE "users"."session_token" = $1 LIMIT $2[0m  [["session_token", "EO0QSlCgPNMiSLCcp9KO9Q"], ["LIMIT", 1]]
  ↳ app/controllers/application_controller.rb:5
Redirected to http://localhost:3000/users/1
Completed 302 Found in 3ms (ActiveRecord: 0.3ms)


Started GET "/users/1" for ::1 at 2020-04-28 13:32:55 -0400
Processing by UsersController#show as HTML
  Parameters: {"id"=>"1"}
  [1m[36mUser Load (0.3ms)[0m  [1m[34mSELECT  "users".* FROM "users" WHERE "users"."session_token" = $1 LIMIT $2[0m  [["session_token", "EO0QSlCgPNMiSLCcp9KO9Q"], ["LIMIT", 1]]
  ↳ app/controllers/application_controller.rb:5
Redirected to http://localhost:3000/users/1
Completed 302 Found in 3ms (ActiveRecord: 0.3ms)


Started GET "/users/1" for ::1 at 2020-04-28 13:32:55 -0400
Processing by UsersController#show as HTML
  Parameters: {"id"=>"1"}
  [1m[36mUser Load (0.4ms)[0m  [1m[34mSELECT  "users".* FROM "users" WHERE "users"."session_token" = $1 LIMIT $2[0m  [["session_token", "EO0QSlCgPNMiSLCcp9KO9Q"], ["LIMIT", 1]]
  ↳ app/controllers/application_controller.rb:5
Redirected to http://localhost:3000/users/1
Completed 302 Found in 3ms (ActiveRecord: 0.4ms)


Started GET "/users/1" for ::1 at 2020-04-28 13:32:56 -0400
Processing by UsersController#show as HTML
  Parameters: {"id"=>"1"}
  [1m[36mUser Load (0.3ms)[0m  [1m[34mSELECT  "users".* FROM "users" WHERE "users"."session_token" = $1 LIMIT $2[0m  [["session_token", "EO0QSlCgPNMiSLCcp9KO9Q"], ["LIMIT", 1]]
  ↳ app/controllers/application_controller.rb:5
Redirected to http://localhost:3000/users/1
Completed 302 Found in 3ms (ActiveRecord: 0.3ms)


Started GET "/users/1" for ::1 at 2020-04-28 13:32:56 -0400
Processing by UsersController#show as HTML
  Parameters: {"id"=>"1"}
  [1m[36mUser Load (0.6ms)[0m  [1m[34mSELECT  "users".* FROM "users" WHERE "users"."session_token" = $1 LIMIT $2[0m  [["session_token", "EO0QSlCgPNMiSLCcp9KO9Q"], ["LIMIT", 1]]
  ↳ app/controllers/application_controller.rb:5
Redirected to http://localhost:3000/users/1
Completed 302 Found in 5ms (ActiveRecord: 0.6ms)


Started GET "/users/1" for ::1 at 2020-04-28 13:32:56 -0400
Processing by UsersController#show as HTML
  Parameters: {"id"=>"1"}
  [1m[36mUser Load (0.5ms)[0m  [1m[34mSELECT  "users".* FROM "users" WHERE "users"."session_token" = $1 LIMIT $2[0m  [["session_token", "EO0QSlCgPNMiSLCcp9KO9Q"], ["LIMIT", 1]]
  ↳ app/controllers/application_controller.rb:5
Redirected to http://localhost:3000/users/1
Completed 302 Found in 4ms (ActiveRecord: 0.5ms)


Started GET "/users/1" for ::1 at 2020-04-28 13:32:56 -0400
Processing by UsersController#show as HTML
  Parameters: {"id"=>"1"}
  [1m[36mUser Load (0.4ms)[0m  [1m[34mSELECT  "users".* FROM "users" WHERE "users"."session_token" = $1 LIMIT $2[0m  [["session_token", "EO0QSlCgPNMiSLCcp9KO9Q"], ["LIMIT", 1]]
  ↳ app/controllers/application_controller.rb:5
Redirected to http://localhost:3000/users/1
Completed 302 Found in 4ms (ActiveRecord: 0.4ms)


Started GET "/users/1" for ::1 at 2020-04-28 13:32:56 -0400
Processing by UsersController#show as HTML
  Parameters: {"id"=>"1"}
  [1m[36mUser Load (0.3ms)[0m  [1m[34mSELECT  "users".* FROM "users" WHERE "users"."session_token" = $1 LIMIT $2[0m  [["session_token", "EO0QSlCgPNMiSLCcp9KO9Q"], ["LIMIT", 1]]
  ↳ app/controllers/application_controller.rb:5
Redirected to http://localhost:3000/users/1
Completed 302 Found in 3ms (ActiveRecord: 0.3ms)


Started GET "/users/1" for ::1 at 2020-04-28 13:32:56 -0400
Processing by UsersController#show as HTML
  Parameters: {"id"=>"1"}
  [1m[36mUser Load (0.4ms)[0m  [1m[34mSELECT  "users".* FROM "users" WHERE "users"."session_token" = $1 LIMIT $2[0m  [["session_token", "EO0QSlCgPNMiSLCcp9KO9Q"], ["LIMIT", 1]]
  ↳ app/controllers/application_controller.rb:5
Redirected to http://localhost:3000/users/1
Completed 302 Found in 3ms (ActiveRecord: 0.4ms)


Started GET "/users/1" for ::1 at 2020-04-28 13:32:56 -0400
Processing by UsersController#show as HTML
  Parameters: {"id"=>"1"}
  [1m[36mUser Load (0.3ms)[0m  [1m[34mSELECT  "users".* FROM "users" WHERE "users"."session_token" = $1 LIMIT $2[0m  [["session_token", "EO0QSlCgPNMiSLCcp9KO9Q"], ["LIMIT", 1]]
  ↳ app/controllers/application_controller.rb:5
Redirected to http://localhost:3000/users/1
Completed 302 Found in 2ms (ActiveRecord: 0.3ms)


Started GET "/users/1" for ::1 at 2020-04-28 13:32:56 -0400
Processing by UsersController#show as HTML
  Parameters: {"id"=>"1"}
  [1m[36mUser Load (0.3ms)[0m  [1m[34mSELECT  "users".* FROM "users" WHERE "users"."session_token" = $1 LIMIT $2[0m  [["session_token", "EO0QSlCgPNMiSLCcp9KO9Q"], ["LIMIT", 1]]
  ↳ app/controllers/application_controller.rb:5
Redirected to http://localhost:3000/users/1
Completed 302 Found in 2ms (ActiveRecord: 0.3ms)


Started GET "/users/1" for ::1 at 2020-04-28 13:32:56 -0400
Processing by UsersController#show as HTML
  Parameters: {"id"=>"1"}
  [1m[36mUser Load (0.3ms)[0m  [1m[34mSELECT  "users".* FROM "users" WHERE "users"."session_token" = $1 LIMIT $2[0m  [["session_token", "EO0QSlCgPNMiSLCcp9KO9Q"], ["LIMIT", 1]]
  ↳ app/controllers/application_controller.rb:5
Redirected to http://localhost:3000/users/1
Completed 302 Found in 2ms (ActiveRecord: 0.3ms)


Started GET "/users/1" for ::1 at 2020-04-28 13:32:56 -0400
Processing by UsersController#show as HTML
  Parameters: {"id"=>"1"}
  [1m[36mUser Load (0.3ms)[0m  [1m[34mSELECT  "users".* FROM "users" WHERE "users"."session_token" = $1 LIMIT $2[0m  [["session_token", "EO0QSlCgPNMiSLCcp9KO9Q"], ["LIMIT", 1]]
  ↳ app/controllers/application_controller.rb:5
Redirected to http://localhost:3000/users/1
Completed 302 Found in 2ms (ActiveRecord: 0.3ms)


Started GET "/users/1" for ::1 at 2020-04-28 13:32:56 -0400
Processing by UsersController#show as HTML
  Parameters: {"id"=>"1"}
  [1m[36mUser Load (0.3ms)[0m  [1m[34mSELECT  "users".* FROM "users" WHERE "users"."session_token" = $1 LIMIT $2[0m  [["session_token", "EO0QSlCgPNMiSLCcp9KO9Q"], ["LIMIT", 1]]
  ↳ app/controllers/application_controller.rb:5
Redirected to http://localhost:3000/users/1
Completed 302 Found in 2ms (ActiveRecord: 0.3ms)


Started GET "/users/1" for ::1 at 2020-04-28 13:32:56 -0400
Processing by UsersController#show as HTML
  Parameters: {"id"=>"1"}
  [1m[36mUser Load (0.3ms)[0m  [1m[34mSELECT  "users".* FROM "users" WHERE "users"."session_token" = $1 LIMIT $2[0m  [["session_token", "EO0QSlCgPNMiSLCcp9KO9Q"], ["LIMIT", 1]]
  ↳ app/controllers/application_controller.rb:5
Redirected to http://localhost:3000/users/1
Completed 302 Found in 2ms (ActiveRecord: 0.3ms)


Started GET "/users/1" for ::1 at 2020-04-28 13:32:56 -0400
Processing by UsersController#show as HTML
  Parameters: {"id"=>"1"}
  [1m[36mUser Load (0.3ms)[0m  [1m[34mSELECT  "users".* FROM "users" WHERE "users"."session_token" = $1 LIMIT $2[0m  [["session_token", "EO0QSlCgPNMiSLCcp9KO9Q"], ["LIMIT", 1]]
  ↳ app/controllers/application_controller.rb:5
Redirected to http://localhost:3000/users/1
Completed 302 Found in 2ms (ActiveRecord: 0.3ms)


Started GET "/users/1" for ::1 at 2020-04-28 13:32:56 -0400
Processing by UsersController#show as HTML
  Parameters: {"id"=>"1"}
  [1m[36mUser Load (0.4ms)[0m  [1m[34mSELECT  "users".* FROM "users" WHERE "users"."session_token" = $1 LIMIT $2[0m  [["session_token", "EO0QSlCgPNMiSLCcp9KO9Q"], ["LIMIT", 1]]
  ↳ app/controllers/application_controller.rb:5
Redirected to http://localhost:3000/users/1
Completed 302 Found in 2ms (ActiveRecord: 0.4ms)


Started GET "/users/1" for ::1 at 2020-04-28 13:32:56 -0400
Processing by UsersController#show as HTML
  Parameters: {"id"=>"1"}
  [1m[36mUser Load (0.3ms)[0m  [1m[34mSELECT  "users".* FROM "users" WHERE "users"."session_token" = $1 LIMIT $2[0m  [["session_token", "EO0QSlCgPNMiSLCcp9KO9Q"], ["LIMIT", 1]]
  ↳ app/controllers/application_controller.rb:5
Redirected to http://localhost:3000/users/1
Completed 302 Found in 2ms (ActiveRecord: 0.3ms)


Started GET "/users/1" for ::1 at 2020-04-28 13:32:56 -0400
Processing by UsersController#show as HTML
  Parameters: {"id"=>"1"}
  [1m[36mUser Load (0.3ms)[0m  [1m[34mSELECT  "users".* FROM "users" WHERE "users"."session_token" = $1 LIMIT $2[0m  [["session_token", "EO0QSlCgPNMiSLCcp9KO9Q"], ["LIMIT", 1]]
  ↳ app/controllers/application_controller.rb:5
Redirected to http://localhost:3000/users/1
Completed 302 Found in 3ms (ActiveRecord: 0.3ms)


Started GET "/users/1" for ::1 at 2020-04-28 13:32:56 -0400
Processing by UsersController#show as HTML
  Parameters: {"id"=>"1"}
  [1m[36mUser Load (0.3ms)[0m  [1m[34mSELECT  "users".* FROM "users" WHERE "users"."session_token" = $1 LIMIT $2[0m  [["session_token", "EO0QSlCgPNMiSLCcp9KO9Q"], ["LIMIT", 1]]
  ↳ app/controllers/application_controller.rb:5
Redirected to http://localhost:3000/users/1
Completed 302 Found in 2ms (ActiveRecord: 0.3ms)


Started GET "/users/1" for ::1 at 2020-04-28 13:32:56 -0400
Processing by UsersController#show as HTML
  Parameters: {"id"=>"1"}
  [1m[36mUser Load (0.4ms)[0m  [1m[34mSELECT  "users".* FROM "users" WHERE "users"."session_token" = $1 LIMIT $2[0m  [["session_token", "EO0QSlCgPNMiSLCcp9KO9Q"], ["LIMIT", 1]]
  ↳ app/controllers/application_controller.rb:5
Redirected to http://localhost:3000/users/1
Completed 302 Found in 3ms (ActiveRecord: 0.4ms)


Started GET "/users/1" for ::1 at 2020-04-28 13:32:56 -0400
Processing by UsersController#show as HTML
  Parameters: {"id"=>"1"}
  [1m[36mUser Load (0.3ms)[0m  [1m[34mSELECT  "users".* FROM "users" WHERE "users"."session_token" = $1 LIMIT $2[0m  [["session_token", "EO0QSlCgPNMiSLCcp9KO9Q"], ["LIMIT", 1]]
  ↳ app/controllers/application_controller.rb:5
Redirected to http://localhost:3000/users/1
Completed 302 Found in 2ms (ActiveRecord: 0.3ms)


Started GET "/users/1" for ::1 at 2020-04-28 13:33:01 -0400
Processing by UsersController#show as HTML
  Parameters: {"id"=>"1"}
  [1m[36mUser Load (0.3ms)[0m  [1m[34mSELECT  "users".* FROM "users" WHERE "users"."session_token" = $1 LIMIT $2[0m  [["session_token", "EO0QSlCgPNMiSLCcp9KO9Q"], ["LIMIT", 1]]
  ↳ app/controllers/application_controller.rb:5
Redirected to http://localhost:3000/users/1
Completed 302 Found in 3ms (ActiveRecord: 0.3ms)


Started GET "/users/1" for ::1 at 2020-04-28 13:33:01 -0400
Processing by UsersController#show as HTML
  Parameters: {"id"=>"1"}
  [1m[36mUser Load (0.4ms)[0m  [1m[34mSELECT  "users".* FROM "users" WHERE "users"."session_token" = $1 LIMIT $2[0m  [["session_token", "EO0QSlCgPNMiSLCcp9KO9Q"], ["LIMIT", 1]]
  ↳ app/controllers/application_controller.rb:5
Redirected to http://localhost:3000/users/1
Completed 302 Found in 2ms (ActiveRecord: 0.4ms)


Started GET "/users/1" for ::1 at 2020-04-28 13:33:01 -0400
Processing by UsersController#show as HTML
  Parameters: {"id"=>"1"}
  [1m[36mUser Load (0.2ms)[0m  [1m[34mSELECT  "users".* FROM "users" WHERE "users"."session_token" = $1 LIMIT $2[0m  [["session_token", "EO0QSlCgPNMiSLCcp9KO9Q"], ["LIMIT", 1]]
  ↳ app/controllers/application_controller.rb:5
Redirected to http://localhost:3000/users/1
Completed 302 Found in 2ms (ActiveRecord: 0.2ms)


Started GET "/users/1" for ::1 at 2020-04-28 13:33:01 -0400
Processing by UsersController#show as HTML
  Parameters: {"id"=>"1"}
  [1m[36mUser Load (0.3ms)[0m  [1m[34mSELECT  "users".* FROM "users" WHERE "users"."session_token" = $1 LIMIT $2[0m  [["session_token", "EO0QSlCgPNMiSLCcp9KO9Q"], ["LIMIT", 1]]
  ↳ app/controllers/application_controller.rb:5
Redirected to http://localhost:3000/users/1
Completed 302 Found in 2ms (ActiveRecord: 0.3ms)


Started GET "/users/1" for ::1 at 2020-04-28 13:33:01 -0400
Processing by UsersController#show as HTML
  Parameters: {"id"=>"1"}
  [1m[36mUser Load (0.3ms)[0m  [1m[34mSELECT  "users".* FROM "users" WHERE "users"."session_token" = $1 LIMIT $2[0m  [["session_token", "EO0QSlCgPNMiSLCcp9KO9Q"], ["LIMIT", 1]]
  ↳ app/controllers/application_controller.rb:5
Redirected to http://localhost:3000/users/1
Completed 302 Found in 3ms (ActiveRecord: 0.3ms)


Started GET "/users/1" for ::1 at 2020-04-28 13:33:01 -0400
Processing by UsersController#show as HTML
  Parameters: {"id"=>"1"}
  [1m[36mUser Load (0.3ms)[0m  [1m[34mSELECT  "users".* FROM "users" WHERE "users"."session_token" = $1 LIMIT $2[0m  [["session_token", "EO0QSlCgPNMiSLCcp9KO9Q"], ["LIMIT", 1]]
  ↳ app/controllers/application_controller.rb:5
Redirected to http://localhost:3000/users/1
Completed 302 Found in 2ms (ActiveRecord: 0.3ms)


Started GET "/users/1" for ::1 at 2020-04-28 13:33:01 -0400
Processing by UsersController#show as HTML
  Parameters: {"id"=>"1"}
  [1m[36mUser Load (0.3ms)[0m  [1m[34mSELECT  "users".* FROM "users" WHERE "users"."session_token" = $1 LIMIT $2[0m  [["session_token", "EO0QSlCgPNMiSLCcp9KO9Q"], ["LIMIT", 1]]
  ↳ app/controllers/application_controller.rb:5
Redirected to http://localhost:3000/users/1
Completed 302 Found in 2ms (ActiveRecord: 0.3ms)


Started GET "/users/1" for ::1 at 2020-04-28 13:33:01 -0400
Processing by UsersController#show as HTML
  Parameters: {"id"=>"1"}
  [1m[36mUser Load (0.3ms)[0m  [1m[34mSELECT  "users".* FROM "users" WHERE "users"."session_token" = $1 LIMIT $2[0m  [["session_token", "EO0QSlCgPNMiSLCcp9KO9Q"], ["LIMIT", 1]]
  ↳ app/controllers/application_controller.rb:5
Redirected to http://localhost:3000/users/1
Completed 302 Found in 2ms (ActiveRecord: 0.3ms)


Started GET "/users/1" for ::1 at 2020-04-28 13:33:01 -0400
Processing by UsersController#show as HTML
  Parameters: {"id"=>"1"}
  [1m[36mUser Load (0.3ms)[0m  [1m[34mSELECT  "users".* FROM "users" WHERE "users"."session_token" = $1 LIMIT $2[0m  [["session_token", "EO0QSlCgPNMiSLCcp9KO9Q"], ["LIMIT", 1]]
  ↳ app/controllers/application_controller.rb:5
Redirected to http://localhost:3000/users/1
Completed 302 Found in 3ms (ActiveRecord: 0.3ms)


Started GET "/users/1" for ::1 at 2020-04-28 13:33:01 -0400
Processing by UsersController#show as HTML
  Parameters: {"id"=>"1"}
  [1m[36mUser Load (0.3ms)[0m  [1m[34mSELECT  "users".* FROM "users" WHERE "users"."session_token" = $1 LIMIT $2[0m  [["session_token", "EO0QSlCgPNMiSLCcp9KO9Q"], ["LIMIT", 1]]
  ↳ app/controllers/application_controller.rb:5
Redirected to http://localhost:3000/users/1
Completed 302 Found in 3ms (ActiveRecord: 0.3ms)


Started GET "/users/1" for ::1 at 2020-04-28 13:33:01 -0400
Processing by UsersController#show as HTML
  Parameters: {"id"=>"1"}
  [1m[36mUser Load (0.3ms)[0m  [1m[34mSELECT  "users".* FROM "users" WHERE "users"."session_token" = $1 LIMIT $2[0m  [["session_token", "EO0QSlCgPNMiSLCcp9KO9Q"], ["LIMIT", 1]]
  ↳ app/controllers/application_controller.rb:5
Redirected to http://localhost:3000/users/1
Completed 302 Found in 3ms (ActiveRecord: 0.3ms)


Started GET "/users/1" for ::1 at 2020-04-28 13:33:01 -0400
Processing by UsersController#show as HTML
  Parameters: {"id"=>"1"}
  [1m[36mUser Load (0.3ms)[0m  [1m[34mSELECT  "users".* FROM "users" WHERE "users"."session_token" = $1 LIMIT $2[0m  [["session_token", "EO0QSlCgPNMiSLCcp9KO9Q"], ["LIMIT", 1]]
  ↳ app/controllers/application_controller.rb:5
Redirected to http://localhost:3000/users/1
Completed 302 Found in 3ms (ActiveRecord: 0.3ms)


Started GET "/users/1" for ::1 at 2020-04-28 13:33:01 -0400
Processing by UsersController#show as HTML
  Parameters: {"id"=>"1"}
  [1m[36mUser Load (0.3ms)[0m  [1m[34mSELECT  "users".* FROM "users" WHERE "users"."session_token" = $1 LIMIT $2[0m  [["session_token", "EO0QSlCgPNMiSLCcp9KO9Q"], ["LIMIT", 1]]
  ↳ app/controllers/application_controller.rb:5
Redirected to http://localhost:3000/users/1
Completed 302 Found in 2ms (ActiveRecord: 0.3ms)


Started GET "/users/1" for ::1 at 2020-04-28 13:33:01 -0400
Processing by UsersController#show as HTML
  Parameters: {"id"=>"1"}
  [1m[36mUser Load (0.3ms)[0m  [1m[34mSELECT  "users".* FROM "users" WHERE "users"."session_token" = $1 LIMIT $2[0m  [["session_token", "EO0QSlCgPNMiSLCcp9KO9Q"], ["LIMIT", 1]]
  ↳ app/controllers/application_controller.rb:5
Redirected to http://localhost:3000/users/1
Completed 302 Found in 2ms (ActiveRecord: 0.3ms)


Started GET "/users/1" for ::1 at 2020-04-28 13:33:01 -0400
Processing by UsersController#show as HTML
  Parameters: {"id"=>"1"}
  [1m[36mUser Load (0.3ms)[0m  [1m[34mSELECT  "users".* FROM "users" WHERE "users"."session_token" = $1 LIMIT $2[0m  [["session_token", "EO0QSlCgPNMiSLCcp9KO9Q"], ["LIMIT", 1]]
  ↳ app/controllers/application_controller.rb:5
Redirected to http://localhost:3000/users/1
Completed 302 Found in 2ms (ActiveRecord: 0.3ms)


Started GET "/users/1" for ::1 at 2020-04-28 13:33:01 -0400
Processing by UsersController#show as HTML
  Parameters: {"id"=>"1"}
  [1m[36mUser Load (0.4ms)[0m  [1m[34mSELECT  "users".* FROM "users" WHERE "users"."session_token" = $1 LIMIT $2[0m  [["session_token", "EO0QSlCgPNMiSLCcp9KO9Q"], ["LIMIT", 1]]
  ↳ app/controllers/application_controller.rb:5
Redirected to http://localhost:3000/users/1
Completed 302 Found in 3ms (ActiveRecord: 0.4ms)


Started GET "/users/1" for ::1 at 2020-04-28 13:33:01 -0400
Processing by UsersController#show as HTML
  Parameters: {"id"=>"1"}
  [1m[36mUser Load (0.2ms)[0m  [1m[34mSELECT  "users".* FROM "users" WHERE "users"."session_token" = $1 LIMIT $2[0m  [["session_token", "EO0QSlCgPNMiSLCcp9KO9Q"], ["LIMIT", 1]]
  ↳ app/controllers/application_controller.rb:5
Redirected to http://localhost:3000/users/1
Completed 302 Found in 2ms (ActiveRecord: 0.2ms)


Started GET "/users/1" for ::1 at 2020-04-28 13:33:01 -0400
Processing by UsersController#show as HTML
  Parameters: {"id"=>"1"}
  [1m[36mUser Load (0.3ms)[0m  [1m[34mSELECT  "users".* FROM "users" WHERE "users"."session_token" = $1 LIMIT $2[0m  [["session_token", "EO0QSlCgPNMiSLCcp9KO9Q"], ["LIMIT", 1]]
  ↳ app/controllers/application_controller.rb:5
Redirected to http://localhost:3000/users/1
Completed 302 Found in 2ms (ActiveRecord: 0.3ms)


Started GET "/users/1" for ::1 at 2020-04-28 13:33:01 -0400
Processing by UsersController#show as HTML
  Parameters: {"id"=>"1"}
  [1m[36mUser Load (0.2ms)[0m  [1m[34mSELECT  "users".* FROM "users" WHERE "users"."session_token" = $1 LIMIT $2[0m  [["session_token", "EO0QSlCgPNMiSLCcp9KO9Q"], ["LIMIT", 1]]
  ↳ app/controllers/application_controller.rb:5
Redirected to http://localhost:3000/users/1
Completed 302 Found in 2ms (ActiveRecord: 0.2ms)


Started GET "/users/1" for ::1 at 2020-04-28 13:33:01 -0400
Processing by UsersController#show as HTML
  Parameters: {"id"=>"1"}
  [1m[36mUser Load (0.3ms)[0m  [1m[34mSELECT  "users".* FROM "users" WHERE "users"."session_token" = $1 LIMIT $2[0m  [["session_token", "EO0QSlCgPNMiSLCcp9KO9Q"], ["LIMIT", 1]]
  ↳ app/controllers/application_controller.rb:5
Redirected to http://localhost:3000/users/1
Completed 302 Found in 3ms (ActiveRecord: 0.3ms)


Started GET "/users/1" for ::1 at 2020-04-28 13:33:31 -0400
Processing by UsersController#show as HTML
  Parameters: {"id"=>"1"}
  [1m[36mUser Load (0.4ms)[0m  [1m[34mSELECT  "users".* FROM "users" WHERE "users"."session_token" = $1 LIMIT $2[0m  [["session_token", "EO0QSlCgPNMiSLCcp9KO9Q"], ["LIMIT", 1]]
  ↳ app/controllers/application_controller.rb:5
  Rendering users/show.html.erb within layouts/application
  Rendered users/show.html.erb within layouts/application (1.0ms)
Completed 200 OK in 289ms (Views: 273.1ms | ActiveRecord: 4.6ms)


Started DELETE "/session" for ::1 at 2020-04-28 13:34:06 -0400

NoMethodError - undefined method `make_response!' for SessionsController(Table doesn't exist):Class:

Started POST "/__better_errors/3edc272be8eccc53/variables" for ::1 at 2020-04-28 13:34:07 -0400
Started GET "/session/new" for ::1 at 2020-04-28 13:35:34 -0400

NoMethodError - undefined method `make_response!' for SessionsController(Table doesn't exist):Class:

Started POST "/__better_errors/b15f3a8dafea0686/variables" for ::1 at 2020-04-28 13:35:34 -0400
  [1m[36mUser Load (0.4ms)[0m  [1m[34mSELECT "users".* FROM "users"[0m
Started GET "/users/new" for ::1 at 2020-04-28 13:41:00 -0400
  [1m[35m (1.0ms)[0m  [1m[34mSELECT "schema_migrations"."version" FROM "schema_migrations" ORDER BY "schema_migrations"."version" ASC[0m
  ↳ /home/jae-son/.rbenv/versions/2.5.1/lib/ruby/gems/2.5.0/gems/activerecord-5.2.4.2/lib/active_record/log_subscriber.rb:98
Processing by UsersController#new as HTML
  [1m[36mUser Load (1.5ms)[0m  [1m[34mSELECT  "users".* FROM "users" WHERE "users"."session_token" = $1 LIMIT $2[0m  [["session_token", "EO0QSlCgPNMiSLCcp9KO9Q"], ["LIMIT", 1]]
  ↳ app/controllers/application_controller.rb:5
Redirected to http://localhost:3000/users/1
Filter chain halted as :ensure_logged_out rendered or redirected
Completed 302 Found in 32ms (ActiveRecord: 7.3ms)


Started GET "/users/1" for ::1 at 2020-04-28 13:41:00 -0400
Processing by UsersController#show as HTML
  Parameters: {"id"=>"1"}
  [1m[36mUser Load (0.5ms)[0m  [1m[34mSELECT  "users".* FROM "users" WHERE "users"."session_token" = $1 LIMIT $2[0m  [["session_token", "EO0QSlCgPNMiSLCcp9KO9Q"], ["LIMIT", 1]]
  ↳ app/controllers/application_controller.rb:5
  Rendering users/show.html.erb within layouts/application
  Rendered users/show.html.erb within layouts/application (1.4ms)
Completed 200 OK in 218ms (Views: 214.9ms | ActiveRecord: 0.5ms)


Started GET "/users/new" for ::1 at 2020-04-28 13:41:05 -0400
Processing by UsersController#new as HTML
  [1m[36mUser Load (0.5ms)[0m  [1m[34mSELECT  "users".* FROM "users" WHERE "users"."session_token" = $1 LIMIT $2[0m  [["session_token", "EO0QSlCgPNMiSLCcp9KO9Q"], ["LIMIT", 1]]
  ↳ app/controllers/application_controller.rb:5
Redirected to http://localhost:3000/users/1
Filter chain halted as :ensure_logged_out rendered or redirected
Completed 302 Found in 3ms (ActiveRecord: 0.5ms)


Started GET "/users/1" for ::1 at 2020-04-28 13:41:05 -0400
Processing by UsersController#show as HTML
  Parameters: {"id"=>"1"}
  [1m[36mUser Load (0.5ms)[0m  [1m[34mSELECT  "users".* FROM "users" WHERE "users"."session_token" = $1 LIMIT $2[0m  [["session_token", "EO0QSlCgPNMiSLCcp9KO9Q"], ["LIMIT", 1]]
  ↳ app/controllers/application_controller.rb:5
  Rendering users/show.html.erb within layouts/application
  Rendered users/show.html.erb within layouts/application (0.8ms)
Completed 200 OK in 28ms (Views: 25.3ms | ActiveRecord: 0.5ms)


Started DELETE "/session" for ::1 at 2020-04-28 13:41:34 -0400

NoMethodError - undefined method `make_response!' for SessionsController(Table doesn't exist):Class:

Started POST "/__better_errors/e009b5c692fb5692/variables" for ::1 at 2020-04-28 13:41:35 -0400
Started DELETE "/session" for ::1 at 2020-04-28 13:43:01 -0400

NoMethodError - undefined method `make_response!' for SessionsController(Table doesn't exist):Class:

Started POST "/__better_errors/88ba052e769760dc/variables" for ::1 at 2020-04-28 13:43:01 -0400
Started DELETE "/session" for ::1 at 2020-04-28 13:43:06 -0400

NoMethodError - undefined method `make_response!' for SessionsController(Table doesn't exist):Class:

Started POST "/__better_errors/a18dc892a0e7b096/variables" for ::1 at 2020-04-28 13:43:06 -0400
Started GET "/session/new" for ::1 at 2020-04-28 13:43:13 -0400

NoMethodError - undefined method `make_response!' for SessionsController(Table doesn't exist):Class:

Started POST "/__better_errors/6f825b202a192d8f/variables" for ::1 at 2020-04-28 13:43:13 -0400
Started GET "/session/new" for ::1 at 2020-04-28 13:43:35 -0400

NoMethodError - undefined method `make_response!' for SessionsController(Table doesn't exist):Class:

Started POST "/__better_errors/ac79d04417dcc618/variables" for ::1 at 2020-04-28 13:43:35 -0400
Started GET "/session/new" for ::1 at 2020-04-28 13:44:46 -0400

NoMethodError - undefined method `make_response!' for SessionsController(Table doesn't exist):Class:

Started POST "/__better_errors/bb5148ef77dfe4e0/variables" for ::1 at 2020-04-28 13:44:46 -0400
Started GET "/users/new" for ::1 at 2020-04-28 13:48:45 -0400
Processing by UsersController#new as HTML
  [1m[36mUser Load (0.5ms)[0m  [1m[34mSELECT  "users".* FROM "users" WHERE "users"."session_token" = $1 LIMIT $2[0m  [["session_token", "EO0QSlCgPNMiSLCcp9KO9Q"], ["LIMIT", 1]]
  ↳ app/controllers/application_controller.rb:5
Redirected to http://localhost:3000/users/1
Filter chain halted as :ensure_logged_out rendered or redirected
Completed 302 Found in 16ms (ActiveRecord: 5.1ms)


Started GET "/users/1" for ::1 at 2020-04-28 13:48:45 -0400
Processing by UsersController#show as HTML
  Parameters: {"id"=>"1"}
  [1m[36mUser Load (0.4ms)[0m  [1m[34mSELECT  "users".* FROM "users" WHERE "users"."session_token" = $1 LIMIT $2[0m  [["session_token", "EO0QSlCgPNMiSLCcp9KO9Q"], ["LIMIT", 1]]
  ↳ app/controllers/application_controller.rb:5
  Rendering users/show.html.erb within layouts/application
  Rendered users/show.html.erb within layouts/application (0.6ms)
Completed 200 OK in 22ms (Views: 19.4ms | ActiveRecord: 0.4ms)


Started DELETE "/session" for ::1 at 2020-04-28 13:49:00 -0400

NoMethodError - undefined method `make_response!' for SessionsController(Table doesn't exist):Class:

Started POST "/__better_errors/680e897c382abd3b/variables" for ::1 at 2020-04-28 13:49:00 -0400
Started GET "/users/new" for ::1 at 2020-04-28 13:50:32 -0400
Processing by UsersController#new as HTML
  [1m[36mUser Load (0.5ms)[0m  [1m[34mSELECT  "users".* FROM "users" WHERE "users"."session_token" = $1 LIMIT $2[0m  [["session_token", "EO0QSlCgPNMiSLCcp9KO9Q"], ["LIMIT", 1]]
  ↳ app/controllers/application_controller.rb:5
Redirected to http://localhost:3000/users/1
Filter chain halted as :ensure_logged_out rendered or redirected
Completed 302 Found in 3ms (ActiveRecord: 0.5ms)


Started GET "/users/1" for ::1 at 2020-04-28 13:50:32 -0400
Processing by UsersController#show as HTML
  Parameters: {"id"=>"1"}
  [1m[36mUser Load (0.7ms)[0m  [1m[34mSELECT  "users".* FROM "users" WHERE "users"."session_token" = $1 LIMIT $2[0m  [["session_token", "EO0QSlCgPNMiSLCcp9KO9Q"], ["LIMIT", 1]]
  ↳ app/controllers/application_controller.rb:5
  Rendering users/show.html.erb within layouts/application
  Rendered users/show.html.erb within layouts/application (0.7ms)
Completed 200 OK in 30ms (Views: 24.9ms | ActiveRecord: 0.7ms)


Started DELETE "/session" for ::1 at 2020-04-28 13:50:50 -0400

NoMethodError - undefined method `make_response!' for SessionsController(Table doesn't exist):Class:

Started POST "/__better_errors/1bb33ea4a3528a37/variables" for ::1 at 2020-04-28 13:50:50 -0400
Started GET "/users/new" for ::1 at 2020-04-28 13:51:33 -0400
Processing by UsersController#new as HTML
  [1m[36mUser Load (0.4ms)[0m  [1m[34mSELECT  "users".* FROM "users" WHERE "users"."session_token" = $1 LIMIT $2[0m  [["session_token", "EO0QSlCgPNMiSLCcp9KO9Q"], ["LIMIT", 1]]
  ↳ app/controllers/application_controller.rb:5
Redirected to http://localhost:3000/users/1
Filter chain halted as :ensure_logged_out rendered or redirected
Completed 302 Found in 3ms (ActiveRecord: 0.4ms)


Started GET "/users/1" for ::1 at 2020-04-28 13:51:33 -0400
Processing by UsersController#show as HTML
  Parameters: {"id"=>"1"}
  [1m[36mUser Load (0.4ms)[0m  [1m[34mSELECT  "users".* FROM "users" WHERE "users"."session_token" = $1 LIMIT $2[0m  [["session_token", "EO0QSlCgPNMiSLCcp9KO9Q"], ["LIMIT", 1]]
  ↳ app/controllers/application_controller.rb:5
  Rendering users/show.html.erb within layouts/application
  Rendered users/show.html.erb within layouts/application (0.8ms)
Completed 200 OK in 39ms (Views: 35.3ms | ActiveRecord: 0.4ms)


Started DELETE "/session" for ::1 at 2020-04-28 13:52:34 -0400
Processing by SessionsController#destroy as HTML
  Parameters: {"authenticity_token"=>"3s+2Rbelu6v+K/HPKu51TgbM0gTqN/mMFiAWBAGBrQytPCKmAgL0I8cULVDPKzFLaVn1XbqfeD4ZJ2zezAvmig=="}
  [1m[36mUser Load (0.3ms)[0m  [1m[34mSELECT  "users".* FROM "users" WHERE "users"."session_token" = $1 LIMIT $2[0m  [["session_token", "EO0QSlCgPNMiSLCcp9KO9Q"], ["LIMIT", 1]]
  ↳ app/controllers/application_controller.rb:5
Completed 500 Internal Server Error in 18ms (ActiveRecord: 4.8ms)



ArgumentError - wrong number of arguments (given 1, expected 0):
  app/controllers/application_controller.rb:17:in `logout!'
  app/controllers/sessions_controller.rb:18:in `destroy'

Started POST "/__better_errors/5c933a5ecfd200d0/variables" for ::1 at 2020-04-28 13:52:34 -0400
Started DELETE "/session" for ::1 at 2020-04-28 13:52:49 -0400
Processing by SessionsController#destroy as HTML
  Parameters: {"authenticity_token"=>"3s+2Rbelu6v+K/HPKu51TgbM0gTqN/mMFiAWBAGBrQytPCKmAgL0I8cULVDPKzFLaVn1XbqfeD4ZJ2zezAvmig=="}
  [1m[36mUser Load (0.6ms)[0m  [1m[34mSELECT  "users".* FROM "users" WHERE "users"."session_token" = $1 LIMIT $2[0m  [["session_token", "EO0QSlCgPNMiSLCcp9KO9Q"], ["LIMIT", 1]]
  ↳ app/controllers/application_controller.rb:5
  [1m[35m (0.2ms)[0m  [1m[35mBEGIN[0m
  ↳ app/models/user.rb:38
  [1m[36mUser Exists (0.6ms)[0m  [1m[34mSELECT  1 AS one FROM "users" WHERE "users"."email" = $1 AND "users"."id" != $2 LIMIT $3[0m  [["email", "dannydevito@gmail.com"], ["id", 1], ["LIMIT", 1]]
  ↳ app/models/user.rb:38
  [1m[36mUser Update (0.7ms)[0m  [1m[33mUPDATE "users" SET "session_token" = $1 WHERE "users"."id" = $2[0m  [["session_token", "YWOYgA9Pyn3cGMRQgpB-mQ"], ["id", 1]]
  ↳ app/models/user.rb:38
  [1m[35m (8.8ms)[0m  [1m[35mCOMMIT[0m
  ↳ app/models/user.rb:38
Redirected to http://localhost:3000/session/new
Completed 302 Found in 37ms (ActiveRecord: 17.4ms)


Started GET "/session/new" for ::1 at 2020-04-28 13:52:50 -0400
Processing by SessionsController#new as HTML
  Rendering sessions/new.html.erb within layouts/application
  Rendered sessions/new.html.erb within layouts/application (1.4ms)
  [1m[36mUser Load (0.6ms)[0m  [1m[34mSELECT  "users".* FROM "users" WHERE "users"."session_token" IS NULL LIMIT $1[0m  [["LIMIT", 1]]
  ↳ app/controllers/application_controller.rb:5
Completed 200 OK in 49ms (Views: 47.5ms | ActiveRecord: 0.6ms)


Started POST "/session" for ::1 at 2020-04-28 13:54:18 -0400
Processing by SessionsController#create as HTML
  Parameters: {"authenticity_token"=>"U5eX/hy2yZuTAoA0fyBqANdy6TwaROLZOU4rteCWoN8gZAMdqRGGE6o9XKua5S4FuOfOZUrsY2s2SVFvLRzrWQ==", "user"=>{"email"=>"bobbylee@gmail.com", "password"=>"[FILTERED]"}}
Completed 500 Internal Server Error in 1ms (ActiveRecord: 0.0ms)



ArgumentError - wrong number of arguments (given 1, expected 2):
  app/models/user.rb:13:in `find_by_credentials'
  app/controllers/sessions_controller.rb:7:in `create'

Started POST "/__better_errors/2026991721d2f7e2/variables" for ::1 at 2020-04-28 13:54:18 -0400
Started POST "/session" for ::1 at 2020-04-28 13:54:39 -0400
Processing by SessionsController#create as HTML
  Parameters: {"authenticity_token"=>"U5eX/hy2yZuTAoA0fyBqANdy6TwaROLZOU4rteCWoN8gZAMdqRGGE6o9XKua5S4FuOfOZUrsY2s2SVFvLRzrWQ==", "user"=>{"email"=>"dannydevito@gmail.com", "password"=>"[FILTERED]"}}
Completed 500 Internal Server Error in 1ms (ActiveRecord: 0.0ms)



ArgumentError - wrong number of arguments (given 1, expected 2):
  app/models/user.rb:13:in `find_by_credentials'
  app/controllers/sessions_controller.rb:7:in `create'

Started POST "/__better_errors/a46e40a6c1ac253e/variables" for ::1 at 2020-04-28 13:54:39 -0400
Started POST "/session" for ::1 at 2020-04-28 13:56:48 -0400
Processing by SessionsController#create as HTML
  Parameters: {"authenticity_token"=>"U5eX/hy2yZuTAoA0fyBqANdy6TwaROLZOU4rteCWoN8gZAMdqRGGE6o9XKua5S4FuOfOZUrsY2s2SVFvLRzrWQ==", "user"=>{"email"=>"dannydevito@gmail.com", "password"=>"[FILTERED]"}}
  [1m[36mUser Load (0.2ms)[0m  [1m[34mSELECT  "users".* FROM "users" WHERE "users"."email" = $1 LIMIT $2[0m  [["email", "dannydevito@gmail.com"], ["LIMIT", 1]]
  ↳ app/models/user.rb:14
Completed 500 Internal Server Error in 21ms (ActiveRecord: 3.8ms)



NameError - undefined local variable or method `user' for #<User:0x00007fa12ca708f8>:
  app/models/user.rb:29:in `is_password?'
  app/models/user.rb:16:in `find_by_credentials'
  app/controllers/sessions_controller.rb:7:in `create'

Started POST "/__better_errors/703c0aa38ab031cc/variables" for ::1 at 2020-04-28 13:56:49 -0400
Started POST "/session" for ::1 at 2020-04-28 13:57:31 -0400
Processing by SessionsController#create as HTML
  Parameters: {"authenticity_token"=>"U5eX/hy2yZuTAoA0fyBqANdy6TwaROLZOU4rteCWoN8gZAMdqRGGE6o9XKua5S4FuOfOZUrsY2s2SVFvLRzrWQ==", "user"=>{"email"=>"dannydevito@gmail.com", "password"=>"[FILTERED]"}}
  [1m[36mUser Load (0.8ms)[0m  [1m[34mSELECT  "users".* FROM "users" WHERE "users"."email" = $1 LIMIT $2[0m  [["email", "dannydevito@gmail.com"], ["LIMIT", 1]]
  ↳ app/models/user.rb:15
Completed 500 Internal Server Error in 38332ms (ActiveRecord: 13.8ms)



NameError - undefined local variable or method `user' for #<User:0x00007fa1212953f0>:
  app/models/user.rb:30:in `is_password?'
  app/models/user.rb:17:in `find_by_credentials'
  app/controllers/sessions_controller.rb:7:in `create'

Started POST "/__better_errors/0e30c495ed2f398a/variables" for ::1 at 2020-04-28 13:58:09 -0400
Started POST "/session" for ::1 at 2020-04-28 13:58:41 -0400
Processing by SessionsController#create as HTML
  Parameters: {"authenticity_token"=>"U5eX/hy2yZuTAoA0fyBqANdy6TwaROLZOU4rteCWoN8gZAMdqRGGE6o9XKua5S4FuOfOZUrsY2s2SVFvLRzrWQ==", "user"=>{"email"=>"dannydevito@gmail.com", "password"=>"[FILTERED]"}}
  [1m[36mUser Load (1.0ms)[0m  [1m[34mSELECT  "users".* FROM "users" WHERE "users"."email" = $1 LIMIT $2[0m  [["email", "dannydevito@gmail.com"], ["LIMIT", 1]]
  ↳ app/models/user.rb:15
  [1m[35m (0.2ms)[0m  [1m[35mBEGIN[0m
  ↳ app/models/user.rb:39
  [1m[36mUser Exists (0.4ms)[0m  [1m[34mSELECT  1 AS one FROM "users" WHERE "users"."email" = $1 AND "users"."id" != $2 LIMIT $3[0m  [["email", "dannydevito@gmail.com"], ["id", 1], ["LIMIT", 1]]
  ↳ app/models/user.rb:39
  [1m[36mUser Update (0.4ms)[0m  [1m[33mUPDATE "users" SET "session_token" = $1 WHERE "users"."id" = $2[0m  [["session_token", "PXMHOzBKzrEMVXc86w0sCw"], ["id", 1]]
  ↳ app/models/user.rb:39
  [1m[35m (4.0ms)[0m  [1m[35mCOMMIT[0m
  ↳ app/models/user.rb:39
  [1m[36mUser Load (0.3ms)[0m  [1m[34mSELECT  "users".* FROM "users" WHERE "users"."session_token" = $1 LIMIT $2[0m  [["session_token", "PXMHOzBKzrEMVXc86w0sCw"], ["LIMIT", 1]]
  ↳ app/controllers/application_controller.rb:5
Redirected to http://localhost:3000/users/1
Completed 302 Found in 3294ms (ActiveRecord: 17.3ms)


Started GET "/users/1" for ::1 at 2020-04-28 13:58:45 -0400
Processing by UsersController#show as HTML
  Parameters: {"id"=>"1"}
  [1m[36mUser Load (0.3ms)[0m  [1m[34mSELECT  "users".* FROM "users" WHERE "users"."session_token" = $1 LIMIT $2[0m  [["session_token", "PXMHOzBKzrEMVXc86w0sCw"], ["LIMIT", 1]]
  ↳ app/controllers/application_controller.rb:5
  Rendering users/show.html.erb within layouts/application
  Rendered users/show.html.erb within layouts/application (0.4ms)
Completed 200 OK in 24ms (Views: 22.6ms | ActiveRecord: 0.3ms)


Started DELETE "/session" for ::1 at 2020-04-28 13:58:50 -0400
Processing by SessionsController#destroy as HTML
  Parameters: {"authenticity_token"=>"UXEi8r54zZlor9Vgrkv/qkN2Gie6j0SNq8PRvHc5A2gigrYRC9+CEVGQCf9LjruvLOM9fuonxT+kxKtmurNI7g=="}
  [1m[36mUser Load (0.3ms)[0m  [1m[34mSELECT  "users".* FROM "users" WHERE "users"."session_token" = $1 LIMIT $2[0m  [["session_token", "PXMHOzBKzrEMVXc86w0sCw"], ["LIMIT", 1]]
  ↳ app/controllers/application_controller.rb:5
  [1m[35m (0.2ms)[0m  [1m[35mBEGIN[0m
  ↳ app/models/user.rb:39
  [1m[36mUser Exists (0.5ms)[0m  [1m[34mSELECT  1 AS one FROM "users" WHERE "users"."email" = $1 AND "users"."id" != $2 LIMIT $3[0m  [["email", "dannydevito@gmail.com"], ["id", 1], ["LIMIT", 1]]
  ↳ app/models/user.rb:39
  [1m[36mUser Update (0.5ms)[0m  [1m[33mUPDATE "users" SET "session_token" = $1 WHERE "users"."id" = $2[0m  [["session_token", "wmY2V5Ajdu1l-iyz_VhwPg"], ["id", 1]]
  ↳ app/models/user.rb:39
  [1m[35m (8.9ms)[0m  [1m[35mCOMMIT[0m
  ↳ app/models/user.rb:39
Redirected to http://localhost:3000/session/new
Completed 302 Found in 16ms (ActiveRecord: 10.5ms)


Started GET "/session/new" for ::1 at 2020-04-28 13:58:50 -0400
Processing by SessionsController#new as HTML
  Rendering sessions/new.html.erb within layouts/application
  Rendered sessions/new.html.erb within layouts/application (1.1ms)
  [1m[36mUser Load (0.4ms)[0m  [1m[34mSELECT  "users".* FROM "users" WHERE "users"."session_token" IS NULL LIMIT $1[0m  [["LIMIT", 1]]
  ↳ app/controllers/application_controller.rb:5
Completed 200 OK in 28ms (Views: 27.5ms | ActiveRecord: 0.4ms)


Started POST "/session" for ::1 at 2020-04-28 13:58:58 -0400
Processing by SessionsController#create as HTML
  Parameters: {"authenticity_token"=>"ayjc4PHyZQtzE45tvNA5JTMGRXuP2ESXLThYBMtnel0Y20gDRFUqg0osUvJZFX0gXJNiIt9wxSUiPyLeBu0x2w==", "user"=>{"email"=>"bobbylee@gmail.com", "password"=>"[FILTERED]"}}
  [1m[36mUser Load (1.1ms)[0m  [1m[34mSELECT  "users".* FROM "users" WHERE "users"."email" = $1 LIMIT $2[0m  [["email", "bobbylee@gmail.com"], ["LIMIT", 1]]
  ↳ app/models/user.rb:15
  Rendering sessions/new.html.erb within layouts/application
  Rendered sessions/new.html.erb within layouts/application (1.9ms)
  [1m[36mUser Load (0.3ms)[0m  [1m[34mSELECT  "users".* FROM "users" WHERE "users"."session_token" IS NULL LIMIT $1[0m  [["LIMIT", 1]]
  ↳ app/controllers/application_controller.rb:5
Completed 200 OK in 4911ms (Views: 44.3ms | ActiveRecord: 1.3ms)


Started GET "/users/new" for ::1 at 2020-04-28 13:59:06 -0400
Processing by UsersController#new as HTML
  [1m[36mUser Load (0.5ms)[0m  [1m[34mSELECT  "users".* FROM "users" WHERE "users"."session_token" IS NULL LIMIT $1[0m  [["LIMIT", 1]]
  ↳ app/controllers/application_controller.rb:5
  Rendering users/new.html.erb within layouts/application
  Rendered users/new.html.erb within layouts/application (0.8ms)
  [1m[36mCACHE User Load (0.0ms)[0m  [1m[34mSELECT  "users".* FROM "users" WHERE "users"."session_token" IS NULL LIMIT $1[0m  [["LIMIT", 1]]
  ↳ app/controllers/application_controller.rb:5
Completed 200 OK in 30ms (Views: 26.9ms | ActiveRecord: 0.5ms)


Started POST "/users" for ::1 at 2020-04-28 13:59:14 -0400
Processing by UsersController#create as HTML
  Parameters: {"authenticity_token"=>"xfgVxhIJfhAjDGrZYFWI0iq4CNLQZ/lnkNdRHVqOJrG2C4Elp64xmBoztkaFkMzXRS0vi4DPeNWf0CvHlwRtNw==", "user"=>{"email"=>"bobbylee@gmail.com", "password"=>"[FILTERED]"}}
  [1m[36mUser Load (0.7ms)[0m  [1m[34mSELECT  "users".* FROM "users" WHERE "users"."session_token" IS NULL LIMIT $1[0m  [["LIMIT", 1]]
  ↳ app/controllers/application_controller.rb:5
  [1m[35m (0.2ms)[0m  [1m[35mBEGIN[0m
  ↳ app/controllers/users_controller.rb:12
  [1m[36mUser Exists (0.3ms)[0m  [1m[34mSELECT  1 AS one FROM "users" WHERE "users"."email" = $1 LIMIT $2[0m  [["email", "bobbylee@gmail.com"], ["LIMIT", 1]]
  ↳ app/controllers/users_controller.rb:12
  [1m[36mUser Create (8.7ms)[0m  [1m[32mINSERT INTO "users" ("email", "password_digest", "session_token") VALUES ($1, $2, $3) RETURNING "id"[0m  [["email", "bobbylee@gmail.com"], ["password_digest", "$2a$12$O4ber70XpeO0.mimse3pouCDGOadY.lJ/7PpwxIx5BgWg1bSz44eq"], ["session_token", "c5Bt_1_leuZHfm5YmvQTyQ"]]
  ↳ app/controllers/users_controller.rb:12
  [1m[35m (1.3ms)[0m  [1m[35mCOMMIT[0m
  ↳ app/controllers/users_controller.rb:12
  [1m[35m (0.2ms)[0m  [1m[35mBEGIN[0m
  ↳ app/models/user.rb:39
  [1m[36mUser Exists (0.4ms)[0m  [1m[34mSELECT  1 AS one FROM "users" WHERE "users"."email" = $1 AND "users"."id" != $2 LIMIT $3[0m  [["email", "bobbylee@gmail.com"], ["id", 2], ["LIMIT", 1]]
  ↳ app/models/user.rb:39
  [1m[36mUser Update (0.3ms)[0m  [1m[33mUPDATE "users" SET "session_token" = $1 WHERE "users"."id" = $2[0m  [["session_token", "HHrVHeezaNReexFG9kO8bQ"], ["id", 2]]
  ↳ app/models/user.rb:39
  [1m[35m (1.2ms)[0m  [1m[35mCOMMIT[0m
  ↳ app/models/user.rb:39
  [1m[36mUser Load (0.2ms)[0m  [1m[34mSELECT  "users".* FROM "users" WHERE "users"."session_token" = $1 LIMIT $2[0m  [["session_token", "HHrVHeezaNReexFG9kO8bQ"], ["LIMIT", 1]]
  ↳ app/controllers/application_controller.rb:5
Redirected to http://localhost:3000/users/2
Completed 302 Found in 313ms (ActiveRecord: 13.5ms)


Started GET "/users/2" for ::1 at 2020-04-28 13:59:14 -0400
Processing by UsersController#show as HTML
  Parameters: {"id"=>"2"}
  [1m[36mUser Load (0.4ms)[0m  [1m[34mSELECT  "users".* FROM "users" WHERE "users"."session_token" = $1 LIMIT $2[0m  [["session_token", "HHrVHeezaNReexFG9kO8bQ"], ["LIMIT", 1]]
  ↳ app/controllers/application_controller.rb:5
  Rendering users/show.html.erb within layouts/application
  Rendered users/show.html.erb within layouts/application (0.5ms)
Completed 200 OK in 21ms (Views: 18.6ms | ActiveRecord: 0.4ms)


Started DELETE "/session" for ::1 at 2020-04-28 13:59:22 -0400
Processing by SessionsController#destroy as HTML
  Parameters: {"authenticity_token"=>"23/BbHZXH9TLsRsuZonY/HwaM1YQLLENMm2WMuZxQbCojFWPw/BQXPKOx7GDTJz5E48UD0CEML89auzoK/sKNg=="}
  [1m[36mUser Load (0.4ms)[0m  [1m[34mSELECT  "users".* FROM "users" WHERE "users"."session_token" = $1 LIMIT $2[0m  [["session_token", "HHrVHeezaNReexFG9kO8bQ"], ["LIMIT", 1]]
  ↳ app/controllers/application_controller.rb:5
  [1m[35m (0.3ms)[0m  [1m[35mBEGIN[0m
  ↳ app/models/user.rb:39
  [1m[36mUser Exists (0.6ms)[0m  [1m[34mSELECT  1 AS one FROM "users" WHERE "users"."email" = $1 AND "users"."id" != $2 LIMIT $3[0m  [["email", "bobbylee@gmail.com"], ["id", 2], ["LIMIT", 1]]
  ↳ app/models/user.rb:39
  [1m[36mUser Update (1.0ms)[0m  [1m[33mUPDATE "users" SET "session_token" = $1 WHERE "users"."id" = $2[0m  [["session_token", "-xF1ys1hQYZJ-Po0bWxyvw"], ["id", 2]]
  ↳ app/models/user.rb:39
  [1m[35m (1.4ms)[0m  [1m[35mCOMMIT[0m
  ↳ app/models/user.rb:39
Redirected to http://localhost:3000/session/new
Completed 302 Found in 11ms (ActiveRecord: 3.7ms)


Started GET "/session/new" for ::1 at 2020-04-28 13:59:22 -0400
Processing by SessionsController#new as HTML
  Rendering sessions/new.html.erb within layouts/application
  Rendered sessions/new.html.erb within layouts/application (0.8ms)
  [1m[36mUser Load (0.4ms)[0m  [1m[34mSELECT  "users".* FROM "users" WHERE "users"."session_token" IS NULL LIMIT $1[0m  [["LIMIT", 1]]
  ↳ app/controllers/application_controller.rb:5
Completed 200 OK in 22ms (Views: 21.3ms | ActiveRecord: 0.4ms)


Started GET "/" for ::1 at 2020-04-28 14:01:09 -0400

ActionController::RoutingError - uninitialized constant SessionController:

Started POST "/__better_errors/19c5788da99d7c51/variables" for ::1 at 2020-04-28 14:01:09 -0400
Started GET "/" for ::1 at 2020-04-28 14:01:25 -0400
Processing by SessionsController#new as HTML
  Rendering sessions/new.html.erb within layouts/application
  Rendered sessions/new.html.erb within layouts/application (1.3ms)
  [1m[36mUser Load (0.2ms)[0m  [1m[34mSELECT  "users".* FROM "users" WHERE "users"."session_token" IS NULL LIMIT $1[0m  [["LIMIT", 1]]
  ↳ app/controllers/application_controller.rb:5
Completed 200 OK in 26ms (Views: 23.7ms | ActiveRecord: 1.7ms)


Started GET "/session/new" for ::1 at 2020-04-28 14:02:18 -0400
Processing by SessionsController#new as HTML
  Rendering sessions/new.html.erb within layouts/application
  Rendered sessions/new.html.erb within layouts/application (0.5ms)
  [1m[36mUser Load (0.3ms)[0m  [1m[34mSELECT  "users".* FROM "users" WHERE "users"."session_token" IS NULL LIMIT $1[0m  [["LIMIT", 1]]
  ↳ app/controllers/application_controller.rb:5
Completed 200 OK in 27ms (Views: 24.4ms | ActiveRecord: 1.8ms)


Started POST "/session" for ::1 at 2020-04-28 14:02:22 -0400
Processing by SessionsController#create as HTML
  Parameters: {"authenticity_token"=>"R6vl2QIa9jfqO9ZsB3sROWLxR4ZmKw6JaeIqhiTKJBY0WHE6t725v9MECvPivlU8DWRg3zaDjztm5VBc6UBvkA==", "user"=>{"email"=>"", "password"=>"[FILTERED]"}}
  [1m[36mUser Load (0.8ms)[0m  [1m[34mSELECT  "users".* FROM "users" WHERE "users"."email" = $1 LIMIT $2[0m  [["email", ""], ["LIMIT", 1]]
  ↳ app/models/user.rb:15
  Rendering sessions/new.html.erb within layouts/application
  Rendered sessions/new.html.erb within layouts/application (2.0ms)
  [1m[36mUser Load (0.3ms)[0m  [1m[34mSELECT  "users".* FROM "users" WHERE "users"."session_token" IS NULL LIMIT $1[0m  [["LIMIT", 1]]
  ↳ app/controllers/application_controller.rb:5
Completed 200 OK in 5141ms (Views: 35.5ms | ActiveRecord: 1.1ms)


Started GET "/session" for ::1 at 2020-04-28 14:06:17 -0400
  
ActionController::RoutingError (No route matches [GET] "/session"):
  
actionpack (5.2.4.2) lib/action_dispatch/middleware/debug_exceptions.rb:65:in `call'
web-console (3.7.0) lib/web_console/middleware.rb:135:in `call_app'
web-console (3.7.0) lib/web_console/middleware.rb:30:in `block in call'
web-console (3.7.0) lib/web_console/middleware.rb:20:in `catch'
web-console (3.7.0) lib/web_console/middleware.rb:20:in `call'
actionpack (5.2.4.2) lib/action_dispatch/middleware/show_exceptions.rb:33:in `call'
railties (5.2.4.2) lib/rails/rack/logger.rb:38:in `call_app'
railties (5.2.4.2) lib/rails/rack/logger.rb:26:in `block in call'
activesupport (5.2.4.2) lib/active_support/tagged_logging.rb:71:in `block in tagged'
activesupport (5.2.4.2) lib/active_support/tagged_logging.rb:28:in `tagged'
activesupport (5.2.4.2) lib/active_support/tagged_logging.rb:71:in `tagged'
railties (5.2.4.2) lib/rails/rack/logger.rb:26:in `call'
sprockets-rails (3.2.1) lib/sprockets/rails/quiet_assets.rb:13:in `call'
actionpack (5.2.4.2) lib/action_dispatch/middleware/remote_ip.rb:81:in `call'
actionpack (5.2.4.2) lib/action_dispatch/middleware/request_id.rb:27:in `call'
rack (2.2.2) lib/rack/method_override.rb:24:in `call'
rack (2.2.2) lib/rack/runtime.rb:22:in `call'
activesupport (5.2.4.2) lib/active_support/cache/strategy/local_cache_middleware.rb:29:in `call'
actionpack (5.2.4.2) lib/action_dispatch/middleware/executor.rb:14:in `call'
actionpack (5.2.4.2) lib/action_dispatch/middleware/static.rb:127:in `call'
rack (2.2.2) lib/rack/sendfile.rb:110:in `call'
railties (5.2.4.2) lib/rails/engine.rb:524:in `call'
puma (3.12.4) lib/puma/configuration.rb:227:in `call'
puma (3.12.4) lib/puma/server.rb:675:in `handle_request'
puma (3.12.4) lib/puma/server.rb:476:in `process_client'
puma (3.12.4) lib/puma/server.rb:334:in `block in run'
puma (3.12.4) lib/puma/thread_pool.rb:135:in `block in spawn_thread'
Started GET "/" for ::1 at 2020-04-28 14:06:25 -0400
Processing by SessionsController#new as HTML
  Rendering sessions/new.html.erb within layouts/application
  Rendered sessions/new.html.erb within layouts/application (0.6ms)
  [1m[36mUser Load (0.3ms)[0m  [1m[34mSELECT  "users".* FROM "users" WHERE "users"."session_token" IS NULL LIMIT $1[0m  [["LIMIT", 1]]
  ↳ app/controllers/application_controller.rb:5
Completed 200 OK in 48ms (Views: 44.1ms | ActiveRecord: 3.0ms)


Started GET "/" for ::1 at 2020-04-28 14:06:49 -0400
Processing by SessionsController#new as HTML
  Rendering sessions/new.html.erb within layouts/application
  Rendered sessions/new.html.erb within layouts/application (2.1ms)
  [1m[36mUser Load (0.3ms)[0m  [1m[34mSELECT  "users".* FROM "users" WHERE "users"."session_token" IS NULL LIMIT $1[0m  [["LIMIT", 1]]
  ↳ app/controllers/application_controller.rb:5
Completed 200 OK in 58ms (Views: 56.3ms | ActiveRecord: 0.3ms)


Started GET "/" for ::1 at 2020-04-28 14:07:01 -0400
Processing by SessionsController#new as HTML
  Rendering sessions/new.html.erb within layouts/application
  Rendered sessions/new.html.erb within layouts/application (0.8ms)
  [1m[36mUser Load (0.3ms)[0m  [1m[34mSELECT  "users".* FROM "users" WHERE "users"."session_token" IS NULL LIMIT $1[0m  [["LIMIT", 1]]
  ↳ app/controllers/application_controller.rb:5
Completed 200 OK in 37ms (Views: 36.4ms | ActiveRecord: 0.3ms)


Started GET "/" for ::1 at 2020-04-28 14:07:12 -0400
Processing by SessionsController#new as HTML
  Rendering sessions/new.html.erb within layouts/application
  Rendered sessions/new.html.erb within layouts/application (1.7ms)
  [1m[36mUser Load (0.4ms)[0m  [1m[34mSELECT  "users".* FROM "users" WHERE "users"."session_token" IS NULL LIMIT $1[0m  [["LIMIT", 1]]
  ↳ app/controllers/application_controller.rb:5
Completed 200 OK in 78ms (Views: 76.3ms | ActiveRecord: 0.4ms)


Started GET "/" for ::1 at 2020-04-28 14:07:22 -0400
Processing by SessionsController#new as HTML
  Rendering sessions/new.html.erb within layouts/application
  Rendered sessions/new.html.erb within layouts/application (0.5ms)
  [1m[36mUser Load (0.2ms)[0m  [1m[34mSELECT  "users".* FROM "users" WHERE "users"."session_token" IS NULL LIMIT $1[0m  [["LIMIT", 1]]
  ↳ app/controllers/application_controller.rb:5
Completed 200 OK in 32ms (Views: 31.6ms | ActiveRecord: 0.2ms)


Started GET "/" for ::1 at 2020-04-28 14:07:46 -0400
Processing by SessionsController#new as HTML
  Rendering sessions/new.html.erb within layouts/application
  Rendered sessions/new.html.erb within layouts/application (0.7ms)
  [1m[36mUser Load (0.3ms)[0m  [1m[34mSELECT  "users".* FROM "users" WHERE "users"."session_token" IS NULL LIMIT $1[0m  [["LIMIT", 1]]
  ↳ app/controllers/application_controller.rb:5
Completed 200 OK in 32ms (Views: 30.6ms | ActiveRecord: 0.3ms)


Started GET "/" for ::1 at 2020-04-28 14:07:47 -0400
Processing by SessionsController#new as HTML
  Rendering sessions/new.html.erb within layouts/application
  Rendered sessions/new.html.erb within layouts/application (0.8ms)
  [1m[36mUser Load (0.3ms)[0m  [1m[34mSELECT  "users".* FROM "users" WHERE "users"."session_token" IS NULL LIMIT $1[0m  [["LIMIT", 1]]
  ↳ app/controllers/application_controller.rb:5
Completed 200 OK in 25ms (Views: 23.5ms | ActiveRecord: 0.3ms)


Started GET "/" for ::1 at 2020-04-28 14:07:53 -0400
Processing by SessionsController#new as HTML
  Rendering sessions/new.html.erb within layouts/application
  Rendered sessions/new.html.erb within layouts/application (0.9ms)
  [1m[36mUser Load (0.3ms)[0m  [1m[34mSELECT  "users".* FROM "users" WHERE "users"."session_token" IS NULL LIMIT $1[0m  [["LIMIT", 1]]
  ↳ app/controllers/application_controller.rb:5
Completed 200 OK in 30ms (Views: 28.7ms | ActiveRecord: 0.3ms)


Started GET "/" for ::1 at 2020-04-28 14:07:57 -0400
Processing by SessionsController#new as HTML
  Rendering sessions/new.html.erb within layouts/application
  Rendered sessions/new.html.erb within layouts/application (1.2ms)
  [1m[36mUser Load (0.4ms)[0m  [1m[34mSELECT  "users".* FROM "users" WHERE "users"."session_token" IS NULL LIMIT $1[0m  [["LIMIT", 1]]
  ↳ app/controllers/application_controller.rb:5
Completed 200 OK in 55ms (Views: 52.4ms | ActiveRecord: 0.4ms)


Started GET "/" for ::1 at 2020-04-28 14:07:58 -0400
Processing by SessionsController#new as HTML
  Rendering sessions/new.html.erb within layouts/application
  Rendered sessions/new.html.erb within layouts/application (0.8ms)
  [1m[36mUser Load (0.3ms)[0m  [1m[34mSELECT  "users".* FROM "users" WHERE "users"."session_token" IS NULL LIMIT $1[0m  [["LIMIT", 1]]
  ↳ app/controllers/application_controller.rb:5
Completed 200 OK in 26ms (Views: 24.2ms | ActiveRecord: 0.3ms)


Started GET "/" for ::1 at 2020-04-28 14:07:59 -0400
Processing by SessionsController#new as HTML
  Rendering sessions/new.html.erb within layouts/application
  Rendered sessions/new.html.erb within layouts/application (1.0ms)
  [1m[36mUser Load (0.3ms)[0m  [1m[34mSELECT  "users".* FROM "users" WHERE "users"."session_token" IS NULL LIMIT $1[0m  [["LIMIT", 1]]
  ↳ app/controllers/application_controller.rb:5
Completed 200 OK in 28ms (Views: 26.3ms | ActiveRecord: 0.3ms)


Started GET "/" for ::1 at 2020-04-28 14:08:31 -0400
Processing by SessionsController#new as HTML
  Rendering sessions/new.html.erb within layouts/application
  Rendered sessions/new.html.erb within layouts/application (2.1ms)
  [1m[36mUser Load (0.3ms)[0m  [1m[34mSELECT  "users".* FROM "users" WHERE "users"."session_token" IS NULL LIMIT $1[0m  [["LIMIT", 1]]
  ↳ app/controllers/application_controller.rb:5
Completed 200 OK in 41ms (Views: 39.5ms | ActiveRecord: 0.3ms)


Started GET "/" for ::1 at 2020-04-28 14:08:35 -0400
Processing by SessionsController#new as HTML
  Rendering sessions/new.html.erb within layouts/application
  Rendered sessions/new.html.erb within layouts/application (1.0ms)
  [1m[36mUser Load (0.4ms)[0m  [1m[34mSELECT  "users".* FROM "users" WHERE "users"."session_token" IS NULL LIMIT $1[0m  [["LIMIT", 1]]
  ↳ app/controllers/application_controller.rb:5
Completed 200 OK in 26ms (Views: 24.9ms | ActiveRecord: 0.4ms)


Started GET "/" for ::1 at 2020-04-28 14:08:43 -0400
Processing by SessionsController#new as HTML
  Rendering sessions/new.html.erb within layouts/application
  Rendered sessions/new.html.erb within layouts/application (0.7ms)
  [1m[36mUser Load (0.3ms)[0m  [1m[34mSELECT  "users".* FROM "users" WHERE "users"."session_token" IS NULL LIMIT $1[0m  [["LIMIT", 1]]
  ↳ app/controllers/application_controller.rb:5
Completed 200 OK in 29ms (Views: 27.8ms | ActiveRecord: 0.3ms)


Started GET "/session/new" for ::1 at 2020-04-28 14:09:05 -0400
Processing by SessionsController#new as HTML
  Rendering sessions/new.html.erb within layouts/application
  Rendered sessions/new.html.erb within layouts/application (0.8ms)
  [1m[36mUser Load (0.3ms)[0m  [1m[34mSELECT  "users".* FROM "users" WHERE "users"."session_token" IS NULL LIMIT $1[0m  [["LIMIT", 1]]
  ↳ app/controllers/application_controller.rb:5
Completed 200 OK in 24ms (Views: 23.2ms | ActiveRecord: 0.3ms)


Started POST "/session" for ::1 at 2020-04-28 14:09:18 -0400
Processing by SessionsController#create as HTML
  Parameters: {"authenticity_token"=>"EFnm6kMloEax9glUX1JmqfHNNVndV0ouuXtQRMQazs5jqnIJ9oLvzojJ1cu6lyKsnlgSAI3/y5y2fCqeCZCFSA==", "user"=>{"email"=>"bobbylee@gmail.com", "password"=>"[FILTERED]"}}
  [1m[36mUser Load (0.4ms)[0m  [1m[34mSELECT  "users".* FROM "users" WHERE "users"."email" = $1 LIMIT $2[0m  [["email", "bobbylee@gmail.com"], ["LIMIT", 1]]
  ↳ app/models/user.rb:14
  [1m[35m (0.2ms)[0m  [1m[35mBEGIN[0m
  ↳ app/models/user.rb:38
  [1m[36mUser Exists (0.3ms)[0m  [1m[34mSELECT  1 AS one FROM "users" WHERE "users"."email" = $1 AND "users"."id" != $2 LIMIT $3[0m  [["email", "bobbylee@gmail.com"], ["id", 2], ["LIMIT", 1]]
  ↳ app/models/user.rb:38
  [1m[36mUser Update (0.3ms)[0m  [1m[33mUPDATE "users" SET "session_token" = $1 WHERE "users"."id" = $2[0m  [["session_token", "BpTU9E70XeHfxY9HSQcZpA"], ["id", 2]]
  ↳ app/models/user.rb:38
  [1m[35m (8.7ms)[0m  [1m[35mCOMMIT[0m
  ↳ app/models/user.rb:38
  [1m[36mUser Load (0.3ms)[0m  [1m[34mSELECT  "users".* FROM "users" WHERE "users"."session_token" = $1 LIMIT $2[0m  [["session_token", "BpTU9E70XeHfxY9HSQcZpA"], ["LIMIT", 1]]
  ↳ app/controllers/application_controller.rb:5
Redirected to http://localhost:3000/users/2
Completed 302 Found in 285ms (ActiveRecord: 13.5ms)


Started GET "/users/2" for ::1 at 2020-04-28 14:09:18 -0400
Processing by UsersController#show as HTML
  Parameters: {"id"=>"2"}
  [1m[36mUser Load (0.2ms)[0m  [1m[34mSELECT  "users".* FROM "users" WHERE "users"."session_token" = $1 LIMIT $2[0m  [["session_token", "BpTU9E70XeHfxY9HSQcZpA"], ["LIMIT", 1]]
  ↳ app/controllers/application_controller.rb:5
  Rendering users/show.html.erb within layouts/application
  Rendered users/show.html.erb within layouts/application (0.7ms)
Completed 200 OK in 31ms (Views: 29.5ms | ActiveRecord: 0.2ms)


Started GET "/users/2" for ::1 at 2020-04-28 14:09:32 -0400
Processing by UsersController#show as HTML
  Parameters: {"id"=>"2"}
  [1m[36mUser Load (0.4ms)[0m  [1m[34mSELECT  "users".* FROM "users" WHERE "users"."session_token" = $1 LIMIT $2[0m  [["session_token", "BpTU9E70XeHfxY9HSQcZpA"], ["LIMIT", 1]]
  ↳ app/controllers/application_controller.rb:5
  Rendering users/show.html.erb within layouts/application
  Rendered users/show.html.erb within layouts/application (0.5ms)
Completed 200 OK in 34ms (Views: 31.9ms | ActiveRecord: 0.4ms)


Started GET "/users/2" for ::1 at 2020-04-28 14:09:33 -0400
Processing by UsersController#show as HTML
  Parameters: {"id"=>"2"}
  [1m[36mUser Load (0.6ms)[0m  [1m[34mSELECT  "users".* FROM "users" WHERE "users"."session_token" = $1 LIMIT $2[0m  [["session_token", "BpTU9E70XeHfxY9HSQcZpA"], ["LIMIT", 1]]
  ↳ app/controllers/application_controller.rb:5
  Rendering users/show.html.erb within layouts/application
  Rendered users/show.html.erb within layouts/application (0.7ms)
Completed 200 OK in 27ms (Views: 22.9ms | ActiveRecord: 0.6ms)


Started GET "/users/2" for ::1 at 2020-04-28 14:10:15 -0400
Processing by UsersController#show as HTML
  Parameters: {"id"=>"2"}
  [1m[36mUser Load (0.3ms)[0m  [1m[34mSELECT  "users".* FROM "users" WHERE "users"."session_token" = $1 LIMIT $2[0m  [["session_token", "BpTU9E70XeHfxY9HSQcZpA"], ["LIMIT", 1]]
  ↳ app/controllers/application_controller.rb:5
  Rendering users/show.html.erb within layouts/application
  Rendered users/show.html.erb within layouts/application (0.5ms)
Completed 200 OK in 33ms (Views: 30.9ms | ActiveRecord: 0.3ms)


Started GET "/users/2" for ::1 at 2020-04-28 14:10:16 -0400
Processing by UsersController#show as HTML
  Parameters: {"id"=>"2"}
  [1m[36mUser Load (0.5ms)[0m  [1m[34mSELECT  "users".* FROM "users" WHERE "users"."session_token" = $1 LIMIT $2[0m  [["session_token", "BpTU9E70XeHfxY9HSQcZpA"], ["LIMIT", 1]]
  ↳ app/controllers/application_controller.rb:5
  Rendering users/show.html.erb within layouts/application
  Rendered users/show.html.erb within layouts/application (0.6ms)
Completed 200 OK in 27ms (Views: 22.6ms | ActiveRecord: 0.5ms)


Started GET "/users/2" for ::1 at 2020-04-28 14:10:36 -0400
Processing by UsersController#show as HTML
  Parameters: {"id"=>"2"}
  [1m[36mUser Load (0.2ms)[0m  [1m[34mSELECT  "users".* FROM "users" WHERE "users"."session_token" = $1 LIMIT $2[0m  [["session_token", "BpTU9E70XeHfxY9HSQcZpA"], ["LIMIT", 1]]
  ↳ app/controllers/application_controller.rb:5
  Rendering users/show.html.erb within layouts/application
  Rendered users/show.html.erb within layouts/application (0.7ms)
Completed 200 OK in 41ms (Views: 39.1ms | ActiveRecord: 0.2ms)


Started GET "/users/2" for ::1 at 2020-04-28 14:10:37 -0400
Processing by UsersController#show as HTML
  Parameters: {"id"=>"2"}
  [1m[36mUser Load (0.4ms)[0m  [1m[34mSELECT  "users".* FROM "users" WHERE "users"."session_token" = $1 LIMIT $2[0m  [["session_token", "BpTU9E70XeHfxY9HSQcZpA"], ["LIMIT", 1]]
  ↳ app/controllers/application_controller.rb:5
  Rendering users/show.html.erb within layouts/application
  Rendered users/show.html.erb within layouts/application (0.6ms)
Completed 200 OK in 26ms (Views: 22.4ms | ActiveRecord: 0.4ms)


Started GET "/users/2" for ::1 at 2020-04-28 14:10:45 -0400
Processing by UsersController#show as HTML
  Parameters: {"id"=>"2"}
  [1m[36mUser Load (0.4ms)[0m  [1m[34mSELECT  "users".* FROM "users" WHERE "users"."session_token" = $1 LIMIT $2[0m  [["session_token", "BpTU9E70XeHfxY9HSQcZpA"], ["LIMIT", 1]]
  ↳ app/controllers/application_controller.rb:5
  Rendering users/show.html.erb within layouts/application
  Rendered users/show.html.erb within layouts/application (0.9ms)
Completed 200 OK in 28ms (Views: 24.3ms | ActiveRecord: 0.4ms)


Started GET "/users/2" for ::1 at 2020-04-28 14:11:12 -0400
Processing by UsersController#show as HTML
  Parameters: {"id"=>"2"}
  [1m[36mUser Load (0.4ms)[0m  [1m[34mSELECT  "users".* FROM "users" WHERE "users"."session_token" = $1 LIMIT $2[0m  [["session_token", "BpTU9E70XeHfxY9HSQcZpA"], ["LIMIT", 1]]
  ↳ app/controllers/application_controller.rb:5
  Rendering users/show.html.erb within layouts/application
  Rendered users/show.html.erb within layouts/application (0.6ms)
Completed 200 OK in 31ms (Views: 28.4ms | ActiveRecord: 0.4ms)


Started GET "/users/2" for ::1 at 2020-04-28 14:11:13 -0400
Processing by UsersController#show as HTML
  Parameters: {"id"=>"2"}
  [1m[36mUser Load (0.5ms)[0m  [1m[34mSELECT  "users".* FROM "users" WHERE "users"."session_token" = $1 LIMIT $2[0m  [["session_token", "BpTU9E70XeHfxY9HSQcZpA"], ["LIMIT", 1]]
  ↳ app/controllers/application_controller.rb:5
  Rendering users/show.html.erb within layouts/application
  Rendered users/show.html.erb within layouts/application (0.6ms)
Completed 200 OK in 21ms (Views: 18.7ms | ActiveRecord: 0.5ms)


Started GET "/users/2" for ::1 at 2020-04-28 14:11:17 -0400
Processing by UsersController#show as HTML
  Parameters: {"id"=>"2"}
  [1m[36mUser Load (0.4ms)[0m  [1m[34mSELECT  "users".* FROM "users" WHERE "users"."session_token" = $1 LIMIT $2[0m  [["session_token", "BpTU9E70XeHfxY9HSQcZpA"], ["LIMIT", 1]]
  ↳ app/controllers/application_controller.rb:5
  Rendering users/show.html.erb within layouts/application
  Rendered users/show.html.erb within layouts/application (0.5ms)
Completed 200 OK in 24ms (Views: 22.0ms | ActiveRecord: 0.4ms)


Started GET "/users/2" for ::1 at 2020-04-28 14:11:20 -0400
Processing by UsersController#show as HTML
  Parameters: {"id"=>"2"}
  [1m[36mUser Load (0.9ms)[0m  [1m[34mSELECT  "users".* FROM "users" WHERE "users"."session_token" = $1 LIMIT $2[0m  [["session_token", "BpTU9E70XeHfxY9HSQcZpA"], ["LIMIT", 1]]
  ↳ app/controllers/application_controller.rb:5
  Rendering users/show.html.erb within layouts/application
  Rendered users/show.html.erb within layouts/application (2.0ms)
Completed 200 OK in 76ms (Views: 69.5ms | ActiveRecord: 0.9ms)


Started GET "/users/2" for ::1 at 2020-04-28 14:11:26 -0400
Processing by UsersController#show as HTML
  Parameters: {"id"=>"2"}
  [1m[36mUser Load (0.9ms)[0m  [1m[34mSELECT  "users".* FROM "users" WHERE "users"."session_token" = $1 LIMIT $2[0m  [["session_token", "BpTU9E70XeHfxY9HSQcZpA"], ["LIMIT", 1]]
  ↳ app/controllers/application_controller.rb:5
  Rendering users/show.html.erb within layouts/application
  Rendered users/show.html.erb within layouts/application (1.1ms)
Completed 200 OK in 58ms (Views: 53.1ms | ActiveRecord: 0.9ms)


Started GET "/users/2" for ::1 at 2020-04-28 14:11:45 -0400
Processing by UsersController#show as HTML
  Parameters: {"id"=>"2"}
  [1m[36mUser Load (0.3ms)[0m  [1m[34mSELECT  "users".* FROM "users" WHERE "users"."session_token" = $1 LIMIT $2[0m  [["session_token", "BpTU9E70XeHfxY9HSQcZpA"], ["LIMIT", 1]]
  ↳ app/controllers/application_controller.rb:5
  Rendering users/show.html.erb within layouts/application
  Rendered users/show.html.erb within layouts/application (0.7ms)
Completed 200 OK in 23ms (Views: 20.5ms | ActiveRecord: 0.3ms)


Started GET "/users/2" for ::1 at 2020-04-28 14:14:33 -0400
Processing by UsersController#show as HTML
  Parameters: {"id"=>"2"}
  [1m[36mUser Load (0.8ms)[0m  [1m[34mSELECT  "users".* FROM "users" WHERE "users"."session_token" = $1 LIMIT $2[0m  [["session_token", "BpTU9E70XeHfxY9HSQcZpA"], ["LIMIT", 1]]
  ↳ app/controllers/application_controller.rb:5
  Rendering users/show.html.erb within layouts/application
  Rendered users/show.html.erb within layouts/application (1.4ms)
Completed 200 OK in 96ms (Views: 88.8ms | ActiveRecord: 0.8ms)


Started GET "/users/2" for ::1 at 2020-04-28 14:14:38 -0400
Processing by UsersController#show as HTML
  Parameters: {"id"=>"2"}
  [1m[36mUser Load (0.5ms)[0m  [1m[34mSELECT  "users".* FROM "users" WHERE "users"."session_token" = $1 LIMIT $2[0m  [["session_token", "BpTU9E70XeHfxY9HSQcZpA"], ["LIMIT", 1]]
  ↳ app/controllers/application_controller.rb:5
  Rendering users/show.html.erb within layouts/application
  Rendered users/show.html.erb within layouts/application (1.7ms)
Completed 200 OK in 37ms (Views: 33.9ms | ActiveRecord: 0.5ms)


Started GET "/users/2" for ::1 at 2020-04-28 14:16:31 -0400
Processing by UsersController#show as HTML
  Parameters: {"id"=>"2"}
  [1m[36mUser Load (0.9ms)[0m  [1m[34mSELECT  "users".* FROM "users" WHERE "users"."session_token" = $1 LIMIT $2[0m  [["session_token", "BpTU9E70XeHfxY9HSQcZpA"], ["LIMIT", 1]]
  ↳ app/controllers/application_controller.rb:5
  Rendering users/show.html.erb within layouts/application
  Rendered users/show.html.erb within layouts/application (0.7ms)
Completed 200 OK in 41ms (Views: 34.9ms | ActiveRecord: 0.9ms)


Started GET "/users/2" for ::1 at 2020-04-28 14:16:32 -0400
Processing by UsersController#show as HTML
  Parameters: {"id"=>"2"}
  [1m[36mUser Load (0.6ms)[0m  [1m[34mSELECT  "users".* FROM "users" WHERE "users"."session_token" = $1 LIMIT $2[0m  [["session_token", "BpTU9E70XeHfxY9HSQcZpA"], ["LIMIT", 1]]
  ↳ app/controllers/application_controller.rb:5
  Rendering users/show.html.erb within layouts/application
  Rendered users/show.html.erb within layouts/application (0.7ms)
Completed 200 OK in 28ms (Views: 24.7ms | ActiveRecord: 0.6ms)


Started GET "/users/2" for ::1 at 2020-04-28 14:16:45 -0400
Processing by UsersController#show as HTML
  Parameters: {"id"=>"2"}
  [1m[36mUser Load (0.3ms)[0m  [1m[34mSELECT  "users".* FROM "users" WHERE "users"."session_token" = $1 LIMIT $2[0m  [["session_token", "BpTU9E70XeHfxY9HSQcZpA"], ["LIMIT", 1]]
  ↳ app/controllers/application_controller.rb:5
  Rendering users/show.html.erb within layouts/application
  Rendered users/show.html.erb within layouts/application (0.6ms)
Completed 200 OK in 35ms (Views: 32.8ms | ActiveRecord: 0.3ms)


  [1m[35m (0.7ms)[0m  [1m[34mSELECT pg_try_advisory_lock(1555902080779534005)[0m
  ↳ bin/rails:9
  [1m[35m (0.6ms)[0m  [1m[34mSELECT "schema_migrations"."version" FROM "schema_migrations" ORDER BY "schema_migrations"."version" ASC[0m
  ↳ bin/rails:9
Migrating to CreateBands (20200428182057)
  [1m[35m (0.1ms)[0m  [1m[35mBEGIN[0m
  ↳ bin/rails:9
  [1m[35m (21.7ms)[0m  [1m[35mCREATE TABLE "bands" ("id" bigserial primary key, "name" character varying NOT NULL, "created_at" timestamp NOT NULL, "updated_at" timestamp NOT NULL)[0m
  ↳ db/migrate/20200428182057_create_bands.rb:3
  [1m[36mActiveRecord::SchemaMigration Create (1.0ms)[0m  [1m[32mINSERT INTO "schema_migrations" ("version") VALUES ($1) RETURNING "version"[0m  [["version", "20200428182057"]]
  ↳ bin/rails:9
  [1m[35m (2.2ms)[0m  [1m[35mCOMMIT[0m
  ↳ bin/rails:9
  [1m[36mActiveRecord::InternalMetadata Load (1.0ms)[0m  [1m[34mSELECT  "ar_internal_metadata".* FROM "ar_internal_metadata" WHERE "ar_internal_metadata"."key" = $1 LIMIT $2[0m  [["key", "environment"], ["LIMIT", 1]]
  ↳ bin/rails:9
  [1m[35m (0.2ms)[0m  [1m[35mBEGIN[0m
  ↳ bin/rails:9
  [1m[35m (0.3ms)[0m  [1m[35mCOMMIT[0m
  ↳ bin/rails:9
  [1m[35m (0.4ms)[0m  [1m[34mSELECT pg_advisory_unlock(1555902080779534005)[0m
  ↳ bin/rails:9
  [1m[35m (0.4ms)[0m  [1m[34mSELECT "schema_migrations"."version" FROM "schema_migrations" ORDER BY "schema_migrations"."version" ASC[0m
  ↳ bin/rails:9
  [1m[35m (0.5ms)[0m  [1m[34mSELECT "schema_migrations"."version" FROM "schema_migrations" ORDER BY "schema_migrations"."version" ASC[0m
  ↳ /home/jae-son/.rbenv/versions/2.5.1/bin/annotate:23
